-- The C compiler identification is GNU 11.4.0
-- The CXX compiler identification is GNU 11.4.0
-- Detecting C compiler ABI info
-- Detecting C compiler ABI info - done
-- Check for working C compiler: /usr/bin/cc - skipped
-- Detecting C compile features
-- Detecting C compile features - done
-- Detecting CXX compiler ABI info
-- Detecting CXX compiler ABI info - done
-- Check for working CXX compiler: /usr/bin/c++ - skipped
-- Detecting CXX compile features
-- Detecting CXX compile features - done
-- Found ament_cmake: 1.3.11 (/opt/ros/humble/share/ament_cmake/cmake)
-- Found Python3: /usr/bin/python3 (found version "3.10.12") found components: Interpreter 
-- Found builtin_interfaces: 1.2.1 (/opt/ros/humble/share/builtin_interfaces/cmake)
-- Found rosidl_generator_c: 3.1.6 (/opt/ros/humble/share/rosidl_generator_c/cmake)
-- Found rosidl_adapter: 3.1.6 (/opt/ros/humble/share/rosidl_adapter/cmake)
-- Found rosidl_generator_cpp: 3.1.6 (/opt/ros/humble/share/rosidl_generator_cpp/cmake)
-- Using all available rosidl_typesupport_c: rosidl_typesupport_fastrtps_c;rosidl_typesupport_introspection_c
-- Using all available rosidl_typesupport_cpp: rosidl_typesupport_fastrtps_cpp;rosidl_typesupport_introspection_cpp
-- Found rosidl_default_generators: 1.2.0 (/opt/ros/humble/share/rosidl_default_generators/cmake)
-- Found sensor_msgs: 4.8.0 (/opt/ros/humble/share/sensor_msgs/cmake)
-- Found ament_cmake_ros: 0.10.0 (/opt/ros/humble/share/ament_cmake_ros/cmake)
-- Using all available rosidl_typesupport_c: rosidl_typesupport_fastrtps_c;rosidl_typesupport_introspection_c
-- Using all available rosidl_typesupport_cpp: rosidl_typesupport_fastrtps_cpp;rosidl_typesupport_introspection_cpp
-- Found PythonInterp: /usr/bin/python3 (found suitable version "3.10.12", minimum required is "3.6") 
-- Found python_cmake_module: 0.10.0 (/opt/ros/humble/share/python_cmake_module/cmake)
-- Found PythonLibs: /usr/lib/x86_64-linux-gnu/libpython3.10.so (found suitable version "3.10.12", minimum required is "3.5") 
-- Using PYTHON_EXECUTABLE: /usr/bin/python3
-- Using PYTHON_INCLUDE_DIRS: /usr/include/python3.10
-- Using PYTHON_LIBRARIES: /usr/lib/x86_64-linux-gnu/libpython3.10.so
-- Found PythonExtra: .so  
-- Using numpy include directory: /home/choi/.local/lib/python3.10/site-packages/numpy/core/include
-- Found ament_lint_auto: 0.12.12 (/opt/ros/humble/share/ament_lint_auto/cmake)
-- Added test 'lint_cmake' to check CMake code style
-- Added test 'xmllint' to check XML markup files
-- Configuring done
-- Generating done
-- Build files have been written to: /home/choi/Fitomi_Assist_AI_Cobot/build/custom_interfaces
[  1%] [34m[1mGenerating C++ code for ROS interfaces[0m
[  1%] Built target custom_interfaces__cpp
[  1%] Built target ament_cmake_python_copy_custom_interfaces
[  2%] [34m[1mGenerating C++ introspection for ROS interfaces[0m
[  3%] [32mBuilding CXX object CMakeFiles/custom_interfaces__rosidl_typesupport_introspection_cpp.dir/rosidl_typesupport_introspection_cpp/custom_interfaces/msg/detail/send_img__type_support.cpp.o[0m
[  4%] [32mBuilding CXX object CMakeFiles/custom_interfaces__rosidl_typesupport_introspection_cpp.dir/rosidl_typesupport_introspection_cpp/custom_interfaces/srv/detail/img_load__type_support.cpp.o[0m
[  5%] [32mBuilding CXX object CMakeFiles/custom_interfaces__rosidl_typesupport_introspection_cpp.dir/rosidl_typesupport_introspection_cpp/custom_interfaces/srv/detail/log_message__type_support.cpp.o[0m
[  6%] [32mBuilding CXX object CMakeFiles/custom_interfaces__rosidl_typesupport_introspection_cpp.dir/rosidl_typesupport_introspection_cpp/custom_interfaces/srv/detail/task_command__type_support.cpp.o[0m
[  8%] [32mBuilding CXX object CMakeFiles/custom_interfaces__rosidl_typesupport_introspection_cpp.dir/rosidl_typesupport_introspection_cpp/custom_interfaces/srv/detail/srv_depth_position__type_support.cpp.o[0m
[  9%] [32mBuilding CXX object CMakeFiles/custom_interfaces__rosidl_typesupport_introspection_cpp.dir/rosidl_typesupport_introspection_cpp/custom_interfaces/action/detail/task_command__type_support.cpp.o[0m
[ 10%] [32mBuilding CXX object CMakeFiles/custom_interfaces__rosidl_typesupport_introspection_cpp.dir/rosidl_typesupport_introspection_cpp/custom_interfaces/msg/detail/yolov8_inference__type_support.cpp.o[0m
[ 11%] [32mBuilding CXX object CMakeFiles/custom_interfaces__rosidl_typesupport_introspection_cpp.dir/rosidl_typesupport_introspection_cpp/custom_interfaces/msg/detail/inference_result__type_support.cpp.o[0m
[ 12%] [32m[1mLinking CXX shared library libcustom_interfaces__rosidl_typesupport_introspection_cpp.so[0m
[ 12%] Built target custom_interfaces__rosidl_typesupport_introspection_cpp
running egg_info
creating custom_interfaces.egg-info
writing custom_interfaces.egg-info/PKG-INFO
writing dependency_links to custom_interfaces.egg-info/dependency_links.txt
writing top-level names to custom_interfaces.egg-info/top_level.txt
writing manifest file 'custom_interfaces.egg-info/SOURCES.txt'
reading manifest file 'custom_interfaces.egg-info/SOURCES.txt'
writing manifest file 'custom_interfaces.egg-info/SOURCES.txt'
[ 12%] Built target ament_cmake_python_build_custom_interfaces_egg
[ 13%] [34m[1mGenerating C++ type support for eProsima Fast-RTPS[0m
[ 14%] [32mBuilding CXX object CMakeFiles/custom_interfaces__rosidl_typesupport_fastrtps_cpp.dir/rosidl_typesupport_fastrtps_cpp/custom_interfaces/msg/detail/dds_fastrtps/send_img__type_support.cpp.o[0m
[ 17%] [32mBuilding CXX object CMakeFiles/custom_interfaces__rosidl_typesupport_fastrtps_cpp.dir/rosidl_typesupport_fastrtps_cpp/custom_interfaces/srv/detail/dds_fastrtps/task_command__type_support.cpp.o[0m
[ 17%] [32mBuilding CXX object CMakeFiles/custom_interfaces__rosidl_typesupport_fastrtps_cpp.dir/rosidl_typesupport_fastrtps_cpp/custom_interfaces/srv/detail/dds_fastrtps/log_message__type_support.cpp.o[0m
[ 18%] [32mBuilding CXX object CMakeFiles/custom_interfaces__rosidl_typesupport_fastrtps_cpp.dir/rosidl_typesupport_fastrtps_cpp/custom_interfaces/srv/detail/dds_fastrtps/srv_depth_position__type_support.cpp.o[0m
[ 19%] [32mBuilding CXX object CMakeFiles/custom_interfaces__rosidl_typesupport_fastrtps_cpp.dir/rosidl_typesupport_fastrtps_cpp/custom_interfaces/action/detail/dds_fastrtps/task_command__type_support.cpp.o[0m
[ 21%] [32mBuilding CXX object CMakeFiles/custom_interfaces__rosidl_typesupport_fastrtps_cpp.dir/rosidl_typesupport_fastrtps_cpp/custom_interfaces/msg/detail/dds_fastrtps/yolov8_inference__type_support.cpp.o[0m
[ 21%] [32mBuilding CXX object CMakeFiles/custom_interfaces__rosidl_typesupport_fastrtps_cpp.dir/rosidl_typesupport_fastrtps_cpp/custom_interfaces/srv/detail/dds_fastrtps/img_load__type_support.cpp.o[0m
[ 22%] [32mBuilding CXX object CMakeFiles/custom_interfaces__rosidl_typesupport_fastrtps_cpp.dir/rosidl_typesupport_fastrtps_cpp/custom_interfaces/msg/detail/dds_fastrtps/inference_result__type_support.cpp.o[0m
[ 24%] [32m[1mLinking CXX shared library libcustom_interfaces__rosidl_typesupport_fastrtps_cpp.so[0m
[ 24%] Built target custom_interfaces__rosidl_typesupport_fastrtps_cpp
[ 26%] [34m[1mGenerating C code for ROS interfaces[0m
[ 26%] [34m[1mGenerating C++ type support dispatch for ROS interfaces[0m
[ 27%] [32mBuilding CXX object CMakeFiles/custom_interfaces__rosidl_typesupport_cpp.dir/rosidl_typesupport_cpp/custom_interfaces/msg/yolov8_inference__type_support.cpp.o[0m
[ 28%] [32mBuilding CXX object CMakeFiles/custom_interfaces__rosidl_typesupport_cpp.dir/rosidl_typesupport_cpp/custom_interfaces/msg/inference_result__type_support.cpp.o[0m
[ 29%] [32mBuilding CXX object CMakeFiles/custom_interfaces__rosidl_typesupport_cpp.dir/rosidl_typesupport_cpp/custom_interfaces/msg/send_img__type_support.cpp.o[0m
[ 31%] [32mBuilding CXX object CMakeFiles/custom_interfaces__rosidl_typesupport_cpp.dir/rosidl_typesupport_cpp/custom_interfaces/srv/srv_depth_position__type_support.cpp.o[0m
[ 32%] [32mBuilding CXX object CMakeFiles/custom_interfaces__rosidl_typesupport_cpp.dir/rosidl_typesupport_cpp/custom_interfaces/action/task_command__type_support.cpp.o[0m
[ 33%] [32mBuilding CXX object CMakeFiles/custom_interfaces__rosidl_typesupport_cpp.dir/rosidl_typesupport_cpp/custom_interfaces/srv/task_command__type_support.cpp.o[0m
[ 34%] [32mBuilding C object CMakeFiles/custom_interfaces__rosidl_generator_c.dir/rosidl_generator_c/custom_interfaces/msg/detail/send_img__functions.c.o[0m
[ 36%] [32mBuilding C object CMakeFiles/custom_interfaces__rosidl_generator_c.dir/rosidl_generator_c/custom_interfaces/msg/detail/inference_result__functions.c.o[0m
[ 36%] [32mBuilding C object CMakeFiles/custom_interfaces__rosidl_generator_c.dir/rosidl_generator_c/custom_interfaces/msg/detail/yolov8_inference__functions.c.o[0m
[ 37%] [32mBuilding CXX object CMakeFiles/custom_interfaces__rosidl_typesupport_cpp.dir/rosidl_typesupport_cpp/custom_interfaces/srv/log_message__type_support.cpp.o[0m
[ 39%] [32mBuilding C object CMakeFiles/custom_interfaces__rosidl_generator_c.dir/rosidl_generator_c/custom_interfaces/srv/detail/log_message__functions.c.o[0m
[ 40%] [32mBuilding C object CMakeFiles/custom_interfaces__rosidl_generator_c.dir/rosidl_generator_c/custom_interfaces/srv/detail/img_load__functions.c.o[0m
[ 41%] [32mBuilding C object CMakeFiles/custom_interfaces__rosidl_generator_c.dir/rosidl_generator_c/custom_interfaces/srv/detail/task_command__functions.c.o[0m
[ 42%] [32mBuilding C object CMakeFiles/custom_interfaces__rosidl_generator_c.dir/rosidl_generator_c/custom_interfaces/srv/detail/srv_depth_position__functions.c.o[0m
[ 43%] [32mBuilding C object CMakeFiles/custom_interfaces__rosidl_generator_c.dir/rosidl_generator_c/custom_interfaces/action/detail/task_command__functions.c.o[0m
[ 44%] [32mBuilding CXX object CMakeFiles/custom_interfaces__rosidl_typesupport_cpp.dir/rosidl_typesupport_cpp/custom_interfaces/srv/img_load__type_support.cpp.o[0m
[ 45%] [32m[1mLinking C shared library libcustom_interfaces__rosidl_generator_c.so[0m
[ 45%] Built target custom_interfaces__rosidl_generator_c
[ 48%] [34m[1mGenerating C introspection for ROS interfaces[0m
[ 48%] [34m[1mGenerating C type support for eProsima Fast-RTPS[0m
[ 49%] [32m[1mLinking CXX shared library libcustom_interfaces__rosidl_typesupport_cpp.so[0m
[ 49%] Built target custom_interfaces__rosidl_typesupport_cpp
[ 50%] [34m[1mGenerating C type support dispatch for ROS interfaces[0m
[ 52%] [32mBuilding CXX object CMakeFiles/custom_interfaces__rosidl_typesupport_c.dir/rosidl_typesupport_c/custom_interfaces/msg/yolov8_inference__type_support.cpp.o[0m
[ 54%] [32mBuilding CXX object CMakeFiles/custom_interfaces__rosidl_typesupport_c.dir/rosidl_typesupport_c/custom_interfaces/msg/send_img__type_support.cpp.o[0m
[ 54%] [32mBuilding CXX object CMakeFiles/custom_interfaces__rosidl_typesupport_c.dir/rosidl_typesupport_c/custom_interfaces/msg/inference_result__type_support.cpp.o[0m
[ 55%] [32mBuilding CXX object CMakeFiles/custom_interfaces__rosidl_typesupport_c.dir/rosidl_typesupport_c/custom_interfaces/srv/task_command__type_support.cpp.o[0m
[ 56%] [32mBuilding CXX object CMakeFiles/custom_interfaces__rosidl_typesupport_c.dir/rosidl_typesupport_c/custom_interfaces/srv/srv_depth_position__type_support.cpp.o[0m
[ 57%] [32mBuilding CXX object CMakeFiles/custom_interfaces__rosidl_typesupport_c.dir/rosidl_typesupport_c/custom_interfaces/action/task_command__type_support.cpp.o[0m
[ 59%] [32mBuilding CXX object CMakeFiles/custom_interfaces__rosidl_typesupport_c.dir/rosidl_typesupport_c/custom_interfaces/srv/log_message__type_support.cpp.o[0m
[ 59%] [32mBuilding CXX object CMakeFiles/custom_interfaces__rosidl_typesupport_c.dir/rosidl_typesupport_c/custom_interfaces/srv/img_load__type_support.cpp.o[0m
[ 60%] [32m[1mLinking CXX shared library libcustom_interfaces__rosidl_typesupport_c.so[0m
[ 62%] [32mBuilding C object CMakeFiles/custom_interfaces__rosidl_typesupport_introspection_c.dir/rosidl_typesupport_introspection_c/custom_interfaces/msg/detail/send_img__type_support.c.o[0m
[ 64%] [32mBuilding C object CMakeFiles/custom_interfaces__rosidl_typesupport_introspection_c.dir/rosidl_typesupport_introspection_c/custom_interfaces/msg/detail/yolov8_inference__type_support.c.o[0m
[ 64%] [32mBuilding C object CMakeFiles/custom_interfaces__rosidl_typesupport_introspection_c.dir/rosidl_typesupport_introspection_c/custom_interfaces/msg/detail/inference_result__type_support.c.o[0m
[ 64%] Built target custom_interfaces__rosidl_typesupport_c
[ 65%] [32mBuilding C object CMakeFiles/custom_interfaces__rosidl_typesupport_introspection_c.dir/rosidl_typesupport_introspection_c/custom_interfaces/srv/detail/srv_depth_position__type_support.c.o[0m
[ 66%] [32mBuilding C object CMakeFiles/custom_interfaces__rosidl_typesupport_introspection_c.dir/rosidl_typesupport_introspection_c/custom_interfaces/srv/detail/task_command__type_support.c.o[0m
[ 67%] [32mBuilding C object CMakeFiles/custom_interfaces__rosidl_typesupport_introspection_c.dir/rosidl_typesupport_introspection_c/custom_interfaces/srv/detail/log_message__type_support.c.o[0m
[ 70%] [32mBuilding CXX object CMakeFiles/custom_interfaces__rosidl_typesupport_fastrtps_c.dir/rosidl_typesupport_fastrtps_c/custom_interfaces/msg/detail/yolov8_inference__type_support_c.cpp.o[0m
[ 70%] [32mBuilding C object CMakeFiles/custom_interfaces__rosidl_typesupport_introspection_c.dir/rosidl_typesupport_introspection_c/custom_interfaces/action/detail/task_command__type_support.c.o[0m
[ 72%] [32mBuilding CXX object CMakeFiles/custom_interfaces__rosidl_typesupport_fastrtps_c.dir/rosidl_typesupport_fastrtps_c/custom_interfaces/msg/detail/inference_result__type_support_c.cpp.o[0m
[ 72%] [32mBuilding CXX object CMakeFiles/custom_interfaces__rosidl_typesupport_fastrtps_c.dir/rosidl_typesupport_fastrtps_c/custom_interfaces/msg/detail/send_img__type_support_c.cpp.o[0m
[ 73%] [32mBuilding C object CMakeFiles/custom_interfaces__rosidl_typesupport_introspection_c.dir/rosidl_typesupport_introspection_c/custom_interfaces/srv/detail/img_load__type_support.c.o[0m
[ 74%] [32m[1mLinking C shared library libcustom_interfaces__rosidl_typesupport_introspection_c.so[0m
[ 74%] Built target custom_interfaces__rosidl_typesupport_introspection_c
[ 75%] [32mBuilding CXX object CMakeFiles/custom_interfaces__rosidl_typesupport_fastrtps_c.dir/rosidl_typesupport_fastrtps_c/custom_interfaces/srv/detail/srv_depth_position__type_support_c.cpp.o[0m
[ 77%] [32mBuilding CXX object CMakeFiles/custom_interfaces__rosidl_typesupport_fastrtps_c.dir/rosidl_typesupport_fastrtps_c/custom_interfaces/action/detail/task_command__type_support_c.cpp.o[0m
[ 78%] [32mBuilding CXX object CMakeFiles/custom_interfaces__rosidl_typesupport_fastrtps_c.dir/rosidl_typesupport_fastrtps_c/custom_interfaces/srv/detail/task_command__type_support_c.cpp.o[0m
[ 79%] [32mBuilding CXX object CMakeFiles/custom_interfaces__rosidl_typesupport_fastrtps_c.dir/rosidl_typesupport_fastrtps_c/custom_interfaces/srv/detail/log_message__type_support_c.cpp.o[0m
[ 80%] [32mBuilding CXX object CMakeFiles/custom_interfaces__rosidl_typesupport_fastrtps_c.dir/rosidl_typesupport_fastrtps_c/custom_interfaces/srv/detail/img_load__type_support_c.cpp.o[0m
[ 81%] [32m[1mLinking CXX shared library libcustom_interfaces__rosidl_typesupport_fastrtps_c.so[0m
[ 81%] Built target custom_interfaces__rosidl_typesupport_fastrtps_c
[ 81%] Built target custom_interfaces
[ 82%] [34m[1mGenerating Python code for ROS interfaces[0m
[ 82%] Built target custom_interfaces__py
[ 83%] [32mBuilding C object CMakeFiles/custom_interfaces__rosidl_generator_py.dir/rosidl_generator_py/custom_interfaces/msg/_send_img_s.c.o[0m
[ 87%] [32mBuilding C object CMakeFiles/custom_interfaces__rosidl_generator_py.dir/rosidl_generator_py/custom_interfaces/msg/_inference_result_s.c.o[0m
[ 87%] [32mBuilding C object CMakeFiles/custom_interfaces__rosidl_generator_py.dir/rosidl_generator_py/custom_interfaces/srv/_img_load_s.c.o[0m
[ 87%] [32mBuilding C object CMakeFiles/custom_interfaces__rosidl_generator_py.dir/rosidl_generator_py/custom_interfaces/msg/_yolov8_inference_s.c.o[0m
[ 88%] [32mBuilding C object CMakeFiles/custom_interfaces__rosidl_generator_py.dir/rosidl_generator_py/custom_interfaces/srv/_log_message_s.c.o[0m
[ 89%] [32mBuilding C object CMakeFiles/custom_interfaces__rosidl_generator_py.dir/rosidl_generator_py/custom_interfaces/action/_task_command_s.c.o[0m
[ 90%] [32mBuilding C object CMakeFiles/custom_interfaces__rosidl_generator_py.dir/rosidl_generator_py/custom_interfaces/srv/_srv_depth_position_s.c.o[0m
[ 91%] [32mBuilding C object CMakeFiles/custom_interfaces__rosidl_generator_py.dir/rosidl_generator_py/custom_interfaces/srv/_task_command_s.c.o[0m
[ 93%] [32m[1mLinking C shared library rosidl_generator_py/custom_interfaces/libcustom_interfaces__rosidl_generator_py.so[0m
[ 93%] Built target custom_interfaces__rosidl_generator_py
[ 96%] [32mBuilding C object CMakeFiles/custom_interfaces__rosidl_typesupport_fastrtps_c__pyext.dir/rosidl_generator_py/custom_interfaces/_custom_interfaces_s.ep.rosidl_typesupport_fastrtps_c.c.o[0m
[ 96%] [32mBuilding C object CMakeFiles/custom_interfaces__rosidl_typesupport_introspection_c__pyext.dir/rosidl_generator_py/custom_interfaces/_custom_interfaces_s.ep.rosidl_typesupport_introspection_c.c.o[0m
[ 96%] [32mBuilding C object CMakeFiles/custom_interfaces__rosidl_typesupport_c__pyext.dir/rosidl_generator_py/custom_interfaces/_custom_interfaces_s.ep.rosidl_typesupport_c.c.o[0m
[ 97%] [32m[1mLinking C shared library rosidl_generator_py/custom_interfaces/custom_interfaces_s__rosidl_typesupport_fastrtps_c.cpython-310-x86_64-linux-gnu.so[0m
[ 98%] [32m[1mLinking C shared library rosidl_generator_py/custom_interfaces/custom_interfaces_s__rosidl_typesupport_c.cpython-310-x86_64-linux-gnu.so[0m
[100%] [32m[1mLinking C shared library rosidl_generator_py/custom_interfaces/custom_interfaces_s__rosidl_typesupport_introspection_c.cpython-310-x86_64-linux-gnu.so[0m
[100%] Built target custom_interfaces__rosidl_typesupport_fastrtps_c__pyext
[100%] Built target custom_interfaces__rosidl_typesupport_introspection_c__pyext
[100%] Built target custom_interfaces__rosidl_typesupport_c__pyext
-- Install configuration: ""
-- Installing: /home/choi/Fitomi_Assist_AI_Cobot/install/custom_interfaces/share/ament_index/resource_index/rosidl_interfaces/custom_interfaces
-- Installing: /home/choi/Fitomi_Assist_AI_Cobot/install/custom_interfaces/include/custom_interfaces/custom_interfaces
-- Installing: /home/choi/Fitomi_Assist_AI_Cobot/install/custom_interfaces/include/custom_interfaces/custom_interfaces/srv
-- Installing: /home/choi/Fitomi_Assist_AI_Cobot/install/custom_interfaces/include/custom_interfaces/custom_interfaces/srv/img_load.h
-- Installing: /home/choi/Fitomi_Assist_AI_Cobot/install/custom_interfaces/include/custom_interfaces/custom_interfaces/srv/srv_depth_position.h
-- Installing: /home/choi/Fitomi_Assist_AI_Cobot/install/custom_interfaces/include/custom_interfaces/custom_interfaces/srv/task_command.h
-- Installing: /home/choi/Fitomi_Assist_AI_Cobot/install/custom_interfaces/include/custom_interfaces/custom_interfaces/srv/detail
-- Installing: /home/choi/Fitomi_Assist_AI_Cobot/install/custom_interfaces/include/custom_interfaces/custom_interfaces/srv/detail/task_command__struct.h
-- Installing: /home/choi/Fitomi_Assist_AI_Cobot/install/custom_interfaces/include/custom_interfaces/custom_interfaces/srv/detail/task_command__functions.h
-- Installing: /home/choi/Fitomi_Assist_AI_Cobot/install/custom_interfaces/include/custom_interfaces/custom_interfaces/srv/detail/img_load__functions.h
-- Installing: /home/choi/Fitomi_Assist_AI_Cobot/install/custom_interfaces/include/custom_interfaces/custom_interfaces/srv/detail/log_message__type_support.h
-- Installing: /home/choi/Fitomi_Assist_AI_Cobot/install/custom_interfaces/include/custom_interfaces/custom_interfaces/srv/detail/img_load__struct.h
-- Installing: /home/choi/Fitomi_Assist_AI_Cobot/install/custom_interfaces/include/custom_interfaces/custom_interfaces/srv/detail/srv_depth_position__functions.h
-- Installing: /home/choi/Fitomi_Assist_AI_Cobot/install/custom_interfaces/include/custom_interfaces/custom_interfaces/srv/detail/task_command__type_support.h
-- Installing: /home/choi/Fitomi_Assist_AI_Cobot/install/custom_interfaces/include/custom_interfaces/custom_interfaces/srv/detail/srv_depth_position__functions.c
-- Installing: /home/choi/Fitomi_Assist_AI_Cobot/install/custom_interfaces/include/custom_interfaces/custom_interfaces/srv/detail/log_message__struct.h
-- Installing: /home/choi/Fitomi_Assist_AI_Cobot/install/custom_interfaces/include/custom_interfaces/custom_interfaces/srv/detail/img_load__functions.c
-- Installing: /home/choi/Fitomi_Assist_AI_Cobot/install/custom_interfaces/include/custom_interfaces/custom_interfaces/srv/detail/srv_depth_position__type_support.h
-- Installing: /home/choi/Fitomi_Assist_AI_Cobot/install/custom_interfaces/include/custom_interfaces/custom_interfaces/srv/detail/img_load__type_support.h
-- Installing: /home/choi/Fitomi_Assist_AI_Cobot/install/custom_interfaces/include/custom_interfaces/custom_interfaces/srv/detail/srv_depth_position__struct.h
-- Installing: /home/choi/Fitomi_Assist_AI_Cobot/install/custom_interfaces/include/custom_interfaces/custom_interfaces/srv/detail/log_message__functions.c
-- Installing: /home/choi/Fitomi_Assist_AI_Cobot/install/custom_interfaces/include/custom_interfaces/custom_interfaces/srv/detail/task_command__functions.c
-- Installing: /home/choi/Fitomi_Assist_AI_Cobot/install/custom_interfaces/include/custom_interfaces/custom_interfaces/srv/detail/log_message__functions.h
-- Installing: /home/choi/Fitomi_Assist_AI_Cobot/install/custom_interfaces/include/custom_interfaces/custom_interfaces/srv/log_message.h
-- Installing: /home/choi/Fitomi_Assist_AI_Cobot/install/custom_interfaces/include/custom_interfaces/custom_interfaces/msg
-- Installing: /home/choi/Fitomi_Assist_AI_Cobot/install/custom_interfaces/include/custom_interfaces/custom_interfaces/msg/send_img.h
-- Installing: /home/choi/Fitomi_Assist_AI_Cobot/install/custom_interfaces/include/custom_interfaces/custom_interfaces/msg/yolov8_inference.h
-- Installing: /home/choi/Fitomi_Assist_AI_Cobot/install/custom_interfaces/include/custom_interfaces/custom_interfaces/msg/rosidl_generator_c__visibility_control.h
-- Installing: /home/choi/Fitomi_Assist_AI_Cobot/install/custom_interfaces/include/custom_interfaces/custom_interfaces/msg/detail
-- Installing: /home/choi/Fitomi_Assist_AI_Cobot/install/custom_interfaces/include/custom_interfaces/custom_interfaces/msg/detail/inference_result__functions.c
-- Installing: /home/choi/Fitomi_Assist_AI_Cobot/install/custom_interfaces/include/custom_interfaces/custom_interfaces/msg/detail/send_img__functions.h
-- Installing: /home/choi/Fitomi_Assist_AI_Cobot/install/custom_interfaces/include/custom_interfaces/custom_interfaces/msg/detail/send_img__functions.c
-- Installing: /home/choi/Fitomi_Assist_AI_Cobot/install/custom_interfaces/include/custom_interfaces/custom_interfaces/msg/detail/inference_result__type_support.h
-- Installing: /home/choi/Fitomi_Assist_AI_Cobot/install/custom_interfaces/include/custom_interfaces/custom_interfaces/msg/detail/yolov8_inference__functions.c
-- Installing: /home/choi/Fitomi_Assist_AI_Cobot/install/custom_interfaces/include/custom_interfaces/custom_interfaces/msg/detail/send_img__struct.h
-- Installing: /home/choi/Fitomi_Assist_AI_Cobot/install/custom_interfaces/include/custom_interfaces/custom_interfaces/msg/detail/send_img__type_support.h
-- Installing: /home/choi/Fitomi_Assist_AI_Cobot/install/custom_interfaces/include/custom_interfaces/custom_interfaces/msg/detail/inference_result__struct.h
-- Installing: /home/choi/Fitomi_Assist_AI_Cobot/install/custom_interfaces/include/custom_interfaces/custom_interfaces/msg/detail/yolov8_inference__type_support.h
-- Installing: /home/choi/Fitomi_Assist_AI_Cobot/install/custom_interfaces/include/custom_interfaces/custom_interfaces/msg/detail/inference_result__functions.h
-- Installing: /home/choi/Fitomi_Assist_AI_Cobot/install/custom_interfaces/include/custom_interfaces/custom_interfaces/msg/detail/yolov8_inference__struct.h
-- Installing: /home/choi/Fitomi_Assist_AI_Cobot/install/custom_interfaces/include/custom_interfaces/custom_interfaces/msg/detail/yolov8_inference__functions.h
-- Installing: /home/choi/Fitomi_Assist_AI_Cobot/install/custom_interfaces/include/custom_interfaces/custom_interfaces/msg/inference_result.h
-- Installing: /home/choi/Fitomi_Assist_AI_Cobot/install/custom_interfaces/include/custom_interfaces/custom_interfaces/action
-- Installing: /home/choi/Fitomi_Assist_AI_Cobot/install/custom_interfaces/include/custom_interfaces/custom_interfaces/action/task_command.h
-- Installing: /home/choi/Fitomi_Assist_AI_Cobot/install/custom_interfaces/include/custom_interfaces/custom_interfaces/action/detail
-- Installing: /home/choi/Fitomi_Assist_AI_Cobot/install/custom_interfaces/include/custom_interfaces/custom_interfaces/action/detail/task_command__struct.h
-- Installing: /home/choi/Fitomi_Assist_AI_Cobot/install/custom_interfaces/include/custom_interfaces/custom_interfaces/action/detail/task_command__functions.h
-- Installing: /home/choi/Fitomi_Assist_AI_Cobot/install/custom_interfaces/include/custom_interfaces/custom_interfaces/action/detail/task_command__type_support.h
-- Installing: /home/choi/Fitomi_Assist_AI_Cobot/install/custom_interfaces/include/custom_interfaces/custom_interfaces/action/detail/task_command__functions.c
-- Installing: /home/choi/Fitomi_Assist_AI_Cobot/install/custom_interfaces/share/custom_interfaces/environment/library_path.sh
-- Installing: /home/choi/Fitomi_Assist_AI_Cobot/install/custom_interfaces/share/custom_interfaces/environment/library_path.dsv
-- Installing: /home/choi/Fitomi_Assist_AI_Cobot/install/custom_interfaces/lib/libcustom_interfaces__rosidl_generator_c.so
-- Set runtime path of "/home/choi/Fitomi_Assist_AI_Cobot/install/custom_interfaces/lib/libcustom_interfaces__rosidl_generator_c.so" to ""
-- Up-to-date: /home/choi/Fitomi_Assist_AI_Cobot/install/custom_interfaces/include/custom_interfaces/custom_interfaces
-- Up-to-date: /home/choi/Fitomi_Assist_AI_Cobot/install/custom_interfaces/include/custom_interfaces/custom_interfaces/srv
-- Up-to-date: /home/choi/Fitomi_Assist_AI_Cobot/install/custom_interfaces/include/custom_interfaces/custom_interfaces/srv/detail
-- Installing: /home/choi/Fitomi_Assist_AI_Cobot/install/custom_interfaces/include/custom_interfaces/custom_interfaces/srv/detail/srv_depth_position__rosidl_typesupport_fastrtps_c.h
-- Installing: /home/choi/Fitomi_Assist_AI_Cobot/install/custom_interfaces/include/custom_interfaces/custom_interfaces/srv/detail/log_message__rosidl_typesupport_fastrtps_c.h
-- Installing: /home/choi/Fitomi_Assist_AI_Cobot/install/custom_interfaces/include/custom_interfaces/custom_interfaces/srv/detail/img_load__rosidl_typesupport_fastrtps_c.h
-- Installing: /home/choi/Fitomi_Assist_AI_Cobot/install/custom_interfaces/include/custom_interfaces/custom_interfaces/srv/detail/task_command__rosidl_typesupport_fastrtps_c.h
-- Up-to-date: /home/choi/Fitomi_Assist_AI_Cobot/install/custom_interfaces/include/custom_interfaces/custom_interfaces/msg
-- Installing: /home/choi/Fitomi_Assist_AI_Cobot/install/custom_interfaces/include/custom_interfaces/custom_interfaces/msg/rosidl_typesupport_fastrtps_c__visibility_control.h
-- Up-to-date: /home/choi/Fitomi_Assist_AI_Cobot/install/custom_interfaces/include/custom_interfaces/custom_interfaces/msg/detail
-- Installing: /home/choi/Fitomi_Assist_AI_Cobot/install/custom_interfaces/include/custom_interfaces/custom_interfaces/msg/detail/inference_result__rosidl_typesupport_fastrtps_c.h
-- Installing: /home/choi/Fitomi_Assist_AI_Cobot/install/custom_interfaces/include/custom_interfaces/custom_interfaces/msg/detail/yolov8_inference__rosidl_typesupport_fastrtps_c.h
-- Installing: /home/choi/Fitomi_Assist_AI_Cobot/install/custom_interfaces/include/custom_interfaces/custom_interfaces/msg/detail/send_img__rosidl_typesupport_fastrtps_c.h
-- Up-to-date: /home/choi/Fitomi_Assist_AI_Cobot/install/custom_interfaces/include/custom_interfaces/custom_interfaces/action
-- Up-to-date: /home/choi/Fitomi_Assist_AI_Cobot/install/custom_interfaces/include/custom_interfaces/custom_interfaces/action/detail
-- Installing: /home/choi/Fitomi_Assist_AI_Cobot/install/custom_interfaces/include/custom_interfaces/custom_interfaces/action/detail/task_command__rosidl_typesupport_fastrtps_c.h
-- Installing: /home/choi/Fitomi_Assist_AI_Cobot/install/custom_interfaces/lib/libcustom_interfaces__rosidl_typesupport_fastrtps_c.so
-- Set runtime path of "/home/choi/Fitomi_Assist_AI_Cobot/install/custom_interfaces/lib/libcustom_interfaces__rosidl_typesupport_fastrtps_c.so" to ""
-- Up-to-date: /home/choi/Fitomi_Assist_AI_Cobot/install/custom_interfaces/include/custom_interfaces/custom_interfaces
-- Up-to-date: /home/choi/Fitomi_Assist_AI_Cobot/install/custom_interfaces/include/custom_interfaces/custom_interfaces/srv
-- Installing: /home/choi/Fitomi_Assist_AI_Cobot/install/custom_interfaces/include/custom_interfaces/custom_interfaces/srv/log_message.hpp
-- Installing: /home/choi/Fitomi_Assist_AI_Cobot/install/custom_interfaces/include/custom_interfaces/custom_interfaces/srv/task_command.hpp
-- Installing: /home/choi/Fitomi_Assist_AI_Cobot/install/custom_interfaces/include/custom_interfaces/custom_interfaces/srv/srv_depth_position.hpp
-- Installing: /home/choi/Fitomi_Assist_AI_Cobot/install/custom_interfaces/include/custom_interfaces/custom_interfaces/srv/img_load.hpp
-- Up-to-date: /home/choi/Fitomi_Assist_AI_Cobot/install/custom_interfaces/include/custom_interfaces/custom_interfaces/srv/detail
-- Installing: /home/choi/Fitomi_Assist_AI_Cobot/install/custom_interfaces/include/custom_interfaces/custom_interfaces/srv/detail/task_command__struct.hpp
-- Installing: /home/choi/Fitomi_Assist_AI_Cobot/install/custom_interfaces/include/custom_interfaces/custom_interfaces/srv/detail/srv_depth_position__struct.hpp
-- Installing: /home/choi/Fitomi_Assist_AI_Cobot/install/custom_interfaces/include/custom_interfaces/custom_interfaces/srv/detail/log_message__traits.hpp
-- Installing: /home/choi/Fitomi_Assist_AI_Cobot/install/custom_interfaces/include/custom_interfaces/custom_interfaces/srv/detail/task_command__traits.hpp
-- Installing: /home/choi/Fitomi_Assist_AI_Cobot/install/custom_interfaces/include/custom_interfaces/custom_interfaces/srv/detail/img_load__builder.hpp
-- Installing: /home/choi/Fitomi_Assist_AI_Cobot/install/custom_interfaces/include/custom_interfaces/custom_interfaces/srv/detail/log_message__builder.hpp
-- Installing: /home/choi/Fitomi_Assist_AI_Cobot/install/custom_interfaces/include/custom_interfaces/custom_interfaces/srv/detail/img_load__type_support.hpp
-- Installing: /home/choi/Fitomi_Assist_AI_Cobot/install/custom_interfaces/include/custom_interfaces/custom_interfaces/srv/detail/log_message__struct.hpp
-- Installing: /home/choi/Fitomi_Assist_AI_Cobot/install/custom_interfaces/include/custom_interfaces/custom_interfaces/srv/detail/srv_depth_position__builder.hpp
-- Installing: /home/choi/Fitomi_Assist_AI_Cobot/install/custom_interfaces/include/custom_interfaces/custom_interfaces/srv/detail/img_load__struct.hpp
-- Installing: /home/choi/Fitomi_Assist_AI_Cobot/install/custom_interfaces/include/custom_interfaces/custom_interfaces/srv/detail/task_command__type_support.hpp
-- Installing: /home/choi/Fitomi_Assist_AI_Cobot/install/custom_interfaces/include/custom_interfaces/custom_interfaces/srv/detail/srv_depth_position__traits.hpp
-- Installing: /home/choi/Fitomi_Assist_AI_Cobot/install/custom_interfaces/include/custom_interfaces/custom_interfaces/srv/detail/task_command__builder.hpp
-- Installing: /home/choi/Fitomi_Assist_AI_Cobot/install/custom_interfaces/include/custom_interfaces/custom_interfaces/srv/detail/img_load__traits.hpp
-- Installing: /home/choi/Fitomi_Assist_AI_Cobot/install/custom_interfaces/include/custom_interfaces/custom_interfaces/srv/detail/log_message__type_support.hpp
-- Installing: /home/choi/Fitomi_Assist_AI_Cobot/install/custom_interfaces/include/custom_interfaces/custom_interfaces/srv/detail/srv_depth_position__type_support.hpp
-- Up-to-date: /home/choi/Fitomi_Assist_AI_Cobot/install/custom_interfaces/include/custom_interfaces/custom_interfaces/msg
-- Installing: /home/choi/Fitomi_Assist_AI_Cobot/install/custom_interfaces/include/custom_interfaces/custom_interfaces/msg/rosidl_generator_cpp__visibility_control.hpp
-- Installing: /home/choi/Fitomi_Assist_AI_Cobot/install/custom_interfaces/include/custom_interfaces/custom_interfaces/msg/send_img.hpp
-- Installing: /home/choi/Fitomi_Assist_AI_Cobot/install/custom_interfaces/include/custom_interfaces/custom_interfaces/msg/inference_result.hpp
-- Up-to-date: /home/choi/Fitomi_Assist_AI_Cobot/install/custom_interfaces/include/custom_interfaces/custom_interfaces/msg/detail
-- Installing: /home/choi/Fitomi_Assist_AI_Cobot/install/custom_interfaces/include/custom_interfaces/custom_interfaces/msg/detail/yolov8_inference__struct.hpp
-- Installing: /home/choi/Fitomi_Assist_AI_Cobot/install/custom_interfaces/include/custom_interfaces/custom_interfaces/msg/detail/yolov8_inference__traits.hpp
-- Installing: /home/choi/Fitomi_Assist_AI_Cobot/install/custom_interfaces/include/custom_interfaces/custom_interfaces/msg/detail/inference_result__builder.hpp
-- Installing: /home/choi/Fitomi_Assist_AI_Cobot/install/custom_interfaces/include/custom_interfaces/custom_interfaces/msg/detail/send_img__traits.hpp
-- Installing: /home/choi/Fitomi_Assist_AI_Cobot/install/custom_interfaces/include/custom_interfaces/custom_interfaces/msg/detail/inference_result__traits.hpp
-- Installing: /home/choi/Fitomi_Assist_AI_Cobot/install/custom_interfaces/include/custom_interfaces/custom_interfaces/msg/detail/send_img__struct.hpp
-- Installing: /home/choi/Fitomi_Assist_AI_Cobot/install/custom_interfaces/include/custom_interfaces/custom_interfaces/msg/detail/yolov8_inference__builder.hpp
-- Installing: /home/choi/Fitomi_Assist_AI_Cobot/install/custom_interfaces/include/custom_interfaces/custom_interfaces/msg/detail/inference_result__struct.hpp
-- Installing: /home/choi/Fitomi_Assist_AI_Cobot/install/custom_interfaces/include/custom_interfaces/custom_interfaces/msg/detail/inference_result__type_support.hpp
-- Installing: /home/choi/Fitomi_Assist_AI_Cobot/install/custom_interfaces/include/custom_interfaces/custom_interfaces/msg/detail/send_img__type_support.hpp
-- Installing: /home/choi/Fitomi_Assist_AI_Cobot/install/custom_interfaces/include/custom_interfaces/custom_interfaces/msg/detail/yolov8_inference__type_support.hpp
-- Installing: /home/choi/Fitomi_Assist_AI_Cobot/install/custom_interfaces/include/custom_interfaces/custom_interfaces/msg/detail/send_img__builder.hpp
-- Installing: /home/choi/Fitomi_Assist_AI_Cobot/install/custom_interfaces/include/custom_interfaces/custom_interfaces/msg/yolov8_inference.hpp
-- Up-to-date: /home/choi/Fitomi_Assist_AI_Cobot/install/custom_interfaces/include/custom_interfaces/custom_interfaces/action
-- Installing: /home/choi/Fitomi_Assist_AI_Cobot/install/custom_interfaces/include/custom_interfaces/custom_interfaces/action/task_command.hpp
-- Up-to-date: /home/choi/Fitomi_Assist_AI_Cobot/install/custom_interfaces/include/custom_interfaces/custom_interfaces/action/detail
-- Installing: /home/choi/Fitomi_Assist_AI_Cobot/install/custom_interfaces/include/custom_interfaces/custom_interfaces/action/detail/task_command__struct.hpp
-- Installing: /home/choi/Fitomi_Assist_AI_Cobot/install/custom_interfaces/include/custom_interfaces/custom_interfaces/action/detail/task_command__traits.hpp
-- Installing: /home/choi/Fitomi_Assist_AI_Cobot/install/custom_interfaces/include/custom_interfaces/custom_interfaces/action/detail/task_command__type_support.hpp
-- Installing: /home/choi/Fitomi_Assist_AI_Cobot/install/custom_interfaces/include/custom_interfaces/custom_interfaces/action/detail/task_command__builder.hpp
-- Up-to-date: /home/choi/Fitomi_Assist_AI_Cobot/install/custom_interfaces/include/custom_interfaces/custom_interfaces
-- Up-to-date: /home/choi/Fitomi_Assist_AI_Cobot/install/custom_interfaces/include/custom_interfaces/custom_interfaces/srv
-- Up-to-date: /home/choi/Fitomi_Assist_AI_Cobot/install/custom_interfaces/include/custom_interfaces/custom_interfaces/srv/detail
-- Installing: /home/choi/Fitomi_Assist_AI_Cobot/install/custom_interfaces/include/custom_interfaces/custom_interfaces/srv/detail/srv_depth_position__rosidl_typesupport_fastrtps_cpp.hpp
-- Installing: /home/choi/Fitomi_Assist_AI_Cobot/install/custom_interfaces/include/custom_interfaces/custom_interfaces/srv/detail/log_message__rosidl_typesupport_fastrtps_cpp.hpp
-- Installing: /home/choi/Fitomi_Assist_AI_Cobot/install/custom_interfaces/include/custom_interfaces/custom_interfaces/srv/detail/dds_fastrtps
-- Installing: /home/choi/Fitomi_Assist_AI_Cobot/install/custom_interfaces/include/custom_interfaces/custom_interfaces/srv/detail/task_command__rosidl_typesupport_fastrtps_cpp.hpp
-- Installing: /home/choi/Fitomi_Assist_AI_Cobot/install/custom_interfaces/include/custom_interfaces/custom_interfaces/srv/detail/img_load__rosidl_typesupport_fastrtps_cpp.hpp
-- Up-to-date: /home/choi/Fitomi_Assist_AI_Cobot/install/custom_interfaces/include/custom_interfaces/custom_interfaces/msg
-- Installing: /home/choi/Fitomi_Assist_AI_Cobot/install/custom_interfaces/include/custom_interfaces/custom_interfaces/msg/rosidl_typesupport_fastrtps_cpp__visibility_control.h
-- Up-to-date: /home/choi/Fitomi_Assist_AI_Cobot/install/custom_interfaces/include/custom_interfaces/custom_interfaces/msg/detail
-- Installing: /home/choi/Fitomi_Assist_AI_Cobot/install/custom_interfaces/include/custom_interfaces/custom_interfaces/msg/detail/yolov8_inference__rosidl_typesupport_fastrtps_cpp.hpp
-- Installing: /home/choi/Fitomi_Assist_AI_Cobot/install/custom_interfaces/include/custom_interfaces/custom_interfaces/msg/detail/dds_fastrtps
-- Installing: /home/choi/Fitomi_Assist_AI_Cobot/install/custom_interfaces/include/custom_interfaces/custom_interfaces/msg/detail/send_img__rosidl_typesupport_fastrtps_cpp.hpp
-- Installing: /home/choi/Fitomi_Assist_AI_Cobot/install/custom_interfaces/include/custom_interfaces/custom_interfaces/msg/detail/inference_result__rosidl_typesupport_fastrtps_cpp.hpp
-- Up-to-date: /home/choi/Fitomi_Assist_AI_Cobot/install/custom_interfaces/include/custom_interfaces/custom_interfaces/action
-- Up-to-date: /home/choi/Fitomi_Assist_AI_Cobot/install/custom_interfaces/include/custom_interfaces/custom_interfaces/action/detail
-- Installing: /home/choi/Fitomi_Assist_AI_Cobot/install/custom_interfaces/include/custom_interfaces/custom_interfaces/action/detail/dds_fastrtps
-- Installing: /home/choi/Fitomi_Assist_AI_Cobot/install/custom_interfaces/include/custom_interfaces/custom_interfaces/action/detail/task_command__rosidl_typesupport_fastrtps_cpp.hpp
-- Installing: /home/choi/Fitomi_Assist_AI_Cobot/install/custom_interfaces/lib/libcustom_interfaces__rosidl_typesupport_fastrtps_cpp.so
-- Set runtime path of "/home/choi/Fitomi_Assist_AI_Cobot/install/custom_interfaces/lib/libcustom_interfaces__rosidl_typesupport_fastrtps_cpp.so" to ""
-- Up-to-date: /home/choi/Fitomi_Assist_AI_Cobot/install/custom_interfaces/include/custom_interfaces/custom_interfaces
-- Up-to-date: /home/choi/Fitomi_Assist_AI_Cobot/install/custom_interfaces/include/custom_interfaces/custom_interfaces/srv
-- Up-to-date: /home/choi/Fitomi_Assist_AI_Cobot/install/custom_interfaces/include/custom_interfaces/custom_interfaces/srv/detail
-- Installing: /home/choi/Fitomi_Assist_AI_Cobot/install/custom_interfaces/include/custom_interfaces/custom_interfaces/srv/detail/srv_depth_position__rosidl_typesupport_introspection_c.h
-- Installing: /home/choi/Fitomi_Assist_AI_Cobot/install/custom_interfaces/include/custom_interfaces/custom_interfaces/srv/detail/log_message__rosidl_typesupport_introspection_c.h
-- Installing: /home/choi/Fitomi_Assist_AI_Cobot/install/custom_interfaces/include/custom_interfaces/custom_interfaces/srv/detail/log_message__type_support.c
-- Installing: /home/choi/Fitomi_Assist_AI_Cobot/install/custom_interfaces/include/custom_interfaces/custom_interfaces/srv/detail/img_load__rosidl_typesupport_introspection_c.h
-- Installing: /home/choi/Fitomi_Assist_AI_Cobot/install/custom_interfaces/include/custom_interfaces/custom_interfaces/srv/detail/task_command__type_support.c
-- Installing: /home/choi/Fitomi_Assist_AI_Cobot/install/custom_interfaces/include/custom_interfaces/custom_interfaces/srv/detail/srv_depth_position__type_support.c
-- Installing: /home/choi/Fitomi_Assist_AI_Cobot/install/custom_interfaces/include/custom_interfaces/custom_interfaces/srv/detail/task_command__rosidl_typesupport_introspection_c.h
-- Installing: /home/choi/Fitomi_Assist_AI_Cobot/install/custom_interfaces/include/custom_interfaces/custom_interfaces/srv/detail/img_load__type_support.c
-- Up-to-date: /home/choi/Fitomi_Assist_AI_Cobot/install/custom_interfaces/include/custom_interfaces/custom_interfaces/msg
-- Installing: /home/choi/Fitomi_Assist_AI_Cobot/install/custom_interfaces/include/custom_interfaces/custom_interfaces/msg/rosidl_typesupport_introspection_c__visibility_control.h
-- Up-to-date: /home/choi/Fitomi_Assist_AI_Cobot/install/custom_interfaces/include/custom_interfaces/custom_interfaces/msg/detail
-- Installing: /home/choi/Fitomi_Assist_AI_Cobot/install/custom_interfaces/include/custom_interfaces/custom_interfaces/msg/detail/send_img__rosidl_typesupport_introspection_c.h
-- Installing: /home/choi/Fitomi_Assist_AI_Cobot/install/custom_interfaces/include/custom_interfaces/custom_interfaces/msg/detail/yolov8_inference__rosidl_typesupport_introspection_c.h
-- Installing: /home/choi/Fitomi_Assist_AI_Cobot/install/custom_interfaces/include/custom_interfaces/custom_interfaces/msg/detail/send_img__type_support.c
-- Installing: /home/choi/Fitomi_Assist_AI_Cobot/install/custom_interfaces/include/custom_interfaces/custom_interfaces/msg/detail/inference_result__type_support.c
-- Installing: /home/choi/Fitomi_Assist_AI_Cobot/install/custom_interfaces/include/custom_interfaces/custom_interfaces/msg/detail/inference_result__rosidl_typesupport_introspection_c.h
-- Installing: /home/choi/Fitomi_Assist_AI_Cobot/install/custom_interfaces/include/custom_interfaces/custom_interfaces/msg/detail/yolov8_inference__type_support.c
-- Up-to-date: /home/choi/Fitomi_Assist_AI_Cobot/install/custom_interfaces/include/custom_interfaces/custom_interfaces/action
-- Up-to-date: /home/choi/Fitomi_Assist_AI_Cobot/install/custom_interfaces/include/custom_interfaces/custom_interfaces/action/detail
-- Installing: /home/choi/Fitomi_Assist_AI_Cobot/install/custom_interfaces/include/custom_interfaces/custom_interfaces/action/detail/task_command__type_support.c
-- Installing: /home/choi/Fitomi_Assist_AI_Cobot/install/custom_interfaces/include/custom_interfaces/custom_interfaces/action/detail/task_command__rosidl_typesupport_introspection_c.h
-- Installing: /home/choi/Fitomi_Assist_AI_Cobot/install/custom_interfaces/lib/libcustom_interfaces__rosidl_typesupport_introspection_c.so
-- Set runtime path of "/home/choi/Fitomi_Assist_AI_Cobot/install/custom_interfaces/lib/libcustom_interfaces__rosidl_typesupport_introspection_c.so" to ""
-- Installing: /home/choi/Fitomi_Assist_AI_Cobot/install/custom_interfaces/lib/libcustom_interfaces__rosidl_typesupport_c.so
-- Set runtime path of "/home/choi/Fitomi_Assist_AI_Cobot/install/custom_interfaces/lib/libcustom_interfaces__rosidl_typesupport_c.so" to ""
-- Up-to-date: /home/choi/Fitomi_Assist_AI_Cobot/install/custom_interfaces/include/custom_interfaces/custom_interfaces
-- Up-to-date: /home/choi/Fitomi_Assist_AI_Cobot/install/custom_interfaces/include/custom_interfaces/custom_interfaces/srv
-- Up-to-date: /home/choi/Fitomi_Assist_AI_Cobot/install/custom_interfaces/include/custom_interfaces/custom_interfaces/srv/detail
-- Installing: /home/choi/Fitomi_Assist_AI_Cobot/install/custom_interfaces/include/custom_interfaces/custom_interfaces/srv/detail/srv_depth_position__rosidl_typesupport_introspection_cpp.hpp
-- Installing: /home/choi/Fitomi_Assist_AI_Cobot/install/custom_interfaces/include/custom_interfaces/custom_interfaces/srv/detail/img_load__type_support.cpp
-- Installing: /home/choi/Fitomi_Assist_AI_Cobot/install/custom_interfaces/include/custom_interfaces/custom_interfaces/srv/detail/img_load__rosidl_typesupport_introspection_cpp.hpp
-- Installing: /home/choi/Fitomi_Assist_AI_Cobot/install/custom_interfaces/include/custom_interfaces/custom_interfaces/srv/detail/srv_depth_position__type_support.cpp
-- Installing: /home/choi/Fitomi_Assist_AI_Cobot/install/custom_interfaces/include/custom_interfaces/custom_interfaces/srv/detail/log_message__rosidl_typesupport_introspection_cpp.hpp
-- Installing: /home/choi/Fitomi_Assist_AI_Cobot/install/custom_interfaces/include/custom_interfaces/custom_interfaces/srv/detail/task_command__rosidl_typesupport_introspection_cpp.hpp
-- Installing: /home/choi/Fitomi_Assist_AI_Cobot/install/custom_interfaces/include/custom_interfaces/custom_interfaces/srv/detail/task_command__type_support.cpp
-- Installing: /home/choi/Fitomi_Assist_AI_Cobot/install/custom_interfaces/include/custom_interfaces/custom_interfaces/srv/detail/log_message__type_support.cpp
-- Up-to-date: /home/choi/Fitomi_Assist_AI_Cobot/install/custom_interfaces/include/custom_interfaces/custom_interfaces/msg
-- Up-to-date: /home/choi/Fitomi_Assist_AI_Cobot/install/custom_interfaces/include/custom_interfaces/custom_interfaces/msg/detail
-- Installing: /home/choi/Fitomi_Assist_AI_Cobot/install/custom_interfaces/include/custom_interfaces/custom_interfaces/msg/detail/send_img__type_support.cpp
-- Installing: /home/choi/Fitomi_Assist_AI_Cobot/install/custom_interfaces/include/custom_interfaces/custom_interfaces/msg/detail/send_img__rosidl_typesupport_introspection_cpp.hpp
-- Installing: /home/choi/Fitomi_Assist_AI_Cobot/install/custom_interfaces/include/custom_interfaces/custom_interfaces/msg/detail/yolov8_inference__type_support.cpp
-- Installing: /home/choi/Fitomi_Assist_AI_Cobot/install/custom_interfaces/include/custom_interfaces/custom_interfaces/msg/detail/inference_result__rosidl_typesupport_introspection_cpp.hpp
-- Installing: /home/choi/Fitomi_Assist_AI_Cobot/install/custom_interfaces/include/custom_interfaces/custom_interfaces/msg/detail/yolov8_inference__rosidl_typesupport_introspection_cpp.hpp
-- Installing: /home/choi/Fitomi_Assist_AI_Cobot/install/custom_interfaces/include/custom_interfaces/custom_interfaces/msg/detail/inference_result__type_support.cpp
-- Up-to-date: /home/choi/Fitomi_Assist_AI_Cobot/install/custom_interfaces/include/custom_interfaces/custom_interfaces/action
-- Up-to-date: /home/choi/Fitomi_Assist_AI_Cobot/install/custom_interfaces/include/custom_interfaces/custom_interfaces/action/detail
-- Installing: /home/choi/Fitomi_Assist_AI_Cobot/install/custom_interfaces/include/custom_interfaces/custom_interfaces/action/detail/task_command__rosidl_typesupport_introspection_cpp.hpp
-- Installing: /home/choi/Fitomi_Assist_AI_Cobot/install/custom_interfaces/include/custom_interfaces/custom_interfaces/action/detail/task_command__type_support.cpp
-- Installing: /home/choi/Fitomi_Assist_AI_Cobot/install/custom_interfaces/lib/libcustom_interfaces__rosidl_typesupport_introspection_cpp.so
-- Set runtime path of "/home/choi/Fitomi_Assist_AI_Cobot/install/custom_interfaces/lib/libcustom_interfaces__rosidl_typesupport_introspection_cpp.so" to ""
-- Installing: /home/choi/Fitomi_Assist_AI_Cobot/install/custom_interfaces/lib/libcustom_interfaces__rosidl_typesupport_cpp.so
-- Set runtime path of "/home/choi/Fitomi_Assist_AI_Cobot/install/custom_interfaces/lib/libcustom_interfaces__rosidl_typesupport_cpp.so" to ""
-- Installing: /home/choi/Fitomi_Assist_AI_Cobot/install/custom_interfaces/share/custom_interfaces/environment/pythonpath.sh
-- Installing: /home/choi/Fitomi_Assist_AI_Cobot/install/custom_interfaces/share/custom_interfaces/environment/pythonpath.dsv
-- Installing: /home/choi/Fitomi_Assist_AI_Cobot/install/custom_interfaces/local/lib/python3.10/dist-packages/custom_interfaces-0.0.0-py3.10.egg-info
-- Installing: /home/choi/Fitomi_Assist_AI_Cobot/install/custom_interfaces/local/lib/python3.10/dist-packages/custom_interfaces-0.0.0-py3.10.egg-info/top_level.txt
-- Installing: /home/choi/Fitomi_Assist_AI_Cobot/install/custom_interfaces/local/lib/python3.10/dist-packages/custom_interfaces-0.0.0-py3.10.egg-info/PKG-INFO
-- Installing: /home/choi/Fitomi_Assist_AI_Cobot/install/custom_interfaces/local/lib/python3.10/dist-packages/custom_interfaces-0.0.0-py3.10.egg-info/dependency_links.txt
-- Installing: /home/choi/Fitomi_Assist_AI_Cobot/install/custom_interfaces/local/lib/python3.10/dist-packages/custom_interfaces-0.0.0-py3.10.egg-info/SOURCES.txt
-- Installing: /home/choi/Fitomi_Assist_AI_Cobot/install/custom_interfaces/local/lib/python3.10/dist-packages/custom_interfaces
-- Installing: /home/choi/Fitomi_Assist_AI_Cobot/install/custom_interfaces/local/lib/python3.10/dist-packages/custom_interfaces/srv
-- Installing: /home/choi/Fitomi_Assist_AI_Cobot/install/custom_interfaces/local/lib/python3.10/dist-packages/custom_interfaces/srv/_srv_depth_position_s.c
-- Installing: /home/choi/Fitomi_Assist_AI_Cobot/install/custom_interfaces/local/lib/python3.10/dist-packages/custom_interfaces/srv/_srv_depth_position.py
-- Installing: /home/choi/Fitomi_Assist_AI_Cobot/install/custom_interfaces/local/lib/python3.10/dist-packages/custom_interfaces/srv/_task_command.py
-- Installing: /home/choi/Fitomi_Assist_AI_Cobot/install/custom_interfaces/local/lib/python3.10/dist-packages/custom_interfaces/srv/_img_load.py
-- Installing: /home/choi/Fitomi_Assist_AI_Cobot/install/custom_interfaces/local/lib/python3.10/dist-packages/custom_interfaces/srv/_log_message.py
-- Installing: /home/choi/Fitomi_Assist_AI_Cobot/install/custom_interfaces/local/lib/python3.10/dist-packages/custom_interfaces/srv/__init__.py
-- Installing: /home/choi/Fitomi_Assist_AI_Cobot/install/custom_interfaces/local/lib/python3.10/dist-packages/custom_interfaces/srv/_task_command_s.c
-- Installing: /home/choi/Fitomi_Assist_AI_Cobot/install/custom_interfaces/local/lib/python3.10/dist-packages/custom_interfaces/srv/_img_load_s.c
-- Installing: /home/choi/Fitomi_Assist_AI_Cobot/install/custom_interfaces/local/lib/python3.10/dist-packages/custom_interfaces/srv/_log_message_s.c
-- Installing: /home/choi/Fitomi_Assist_AI_Cobot/install/custom_interfaces/local/lib/python3.10/dist-packages/custom_interfaces/msg
-- Installing: /home/choi/Fitomi_Assist_AI_Cobot/install/custom_interfaces/local/lib/python3.10/dist-packages/custom_interfaces/msg/_send_img_s.c
-- Installing: /home/choi/Fitomi_Assist_AI_Cobot/install/custom_interfaces/local/lib/python3.10/dist-packages/custom_interfaces/msg/_inference_result_s.c
-- Installing: /home/choi/Fitomi_Assist_AI_Cobot/install/custom_interfaces/local/lib/python3.10/dist-packages/custom_interfaces/msg/_inference_result.py
-- Installing: /home/choi/Fitomi_Assist_AI_Cobot/install/custom_interfaces/local/lib/python3.10/dist-packages/custom_interfaces/msg/__init__.py
-- Installing: /home/choi/Fitomi_Assist_AI_Cobot/install/custom_interfaces/local/lib/python3.10/dist-packages/custom_interfaces/msg/_yolov8_inference.py
-- Installing: /home/choi/Fitomi_Assist_AI_Cobot/install/custom_interfaces/local/lib/python3.10/dist-packages/custom_interfaces/msg/_send_img.py
-- Installing: /home/choi/Fitomi_Assist_AI_Cobot/install/custom_interfaces/local/lib/python3.10/dist-packages/custom_interfaces/msg/_yolov8_inference_s.c
-- Installing: /home/choi/Fitomi_Assist_AI_Cobot/install/custom_interfaces/local/lib/python3.10/dist-packages/custom_interfaces/libcustom_interfaces__rosidl_generator_py.so
-- Installing: /home/choi/Fitomi_Assist_AI_Cobot/install/custom_interfaces/local/lib/python3.10/dist-packages/custom_interfaces/_custom_interfaces_s.ep.rosidl_typesupport_c.c
-- Installing: /home/choi/Fitomi_Assist_AI_Cobot/install/custom_interfaces/local/lib/python3.10/dist-packages/custom_interfaces/__init__.py
-- Installing: /home/choi/Fitomi_Assist_AI_Cobot/install/custom_interfaces/local/lib/python3.10/dist-packages/custom_interfaces/_custom_interfaces_s.ep.rosidl_typesupport_fastrtps_c.c
-- Installing: /home/choi/Fitomi_Assist_AI_Cobot/install/custom_interfaces/local/lib/python3.10/dist-packages/custom_interfaces/custom_interfaces_s__rosidl_typesupport_introspection_c.cpython-310-x86_64-linux-gnu.so
-- Installing: /home/choi/Fitomi_Assist_AI_Cobot/install/custom_interfaces/local/lib/python3.10/dist-packages/custom_interfaces/custom_interfaces_s__rosidl_typesupport_fastrtps_c.cpython-310-x86_64-linux-gnu.so
-- Installing: /home/choi/Fitomi_Assist_AI_Cobot/install/custom_interfaces/local/lib/python3.10/dist-packages/custom_interfaces/custom_interfaces_s__rosidl_typesupport_c.cpython-310-x86_64-linux-gnu.so
-- Installing: /home/choi/Fitomi_Assist_AI_Cobot/install/custom_interfaces/local/lib/python3.10/dist-packages/custom_interfaces/_custom_interfaces_s.ep.rosidl_typesupport_introspection_c.c
-- Installing: /home/choi/Fitomi_Assist_AI_Cobot/install/custom_interfaces/local/lib/python3.10/dist-packages/custom_interfaces/action
-- Installing: /home/choi/Fitomi_Assist_AI_Cobot/install/custom_interfaces/local/lib/python3.10/dist-packages/custom_interfaces/action/_task_command.py
-- Installing: /home/choi/Fitomi_Assist_AI_Cobot/install/custom_interfaces/local/lib/python3.10/dist-packages/custom_interfaces/action/__init__.py
-- Installing: /home/choi/Fitomi_Assist_AI_Cobot/install/custom_interfaces/local/lib/python3.10/dist-packages/custom_interfaces/action/_task_command_s.c
Listing '/home/choi/Fitomi_Assist_AI_Cobot/install/custom_interfaces/local/lib/python3.10/dist-packages/custom_interfaces'...
Compiling '/home/choi/Fitomi_Assist_AI_Cobot/install/custom_interfaces/local/lib/python3.10/dist-packages/custom_interfaces/__init__.py'...
Listing '/home/choi/Fitomi_Assist_AI_Cobot/install/custom_interfaces/local/lib/python3.10/dist-packages/custom_interfaces/action'...
Compiling '/home/choi/Fitomi_Assist_AI_Cobot/install/custom_interfaces/local/lib/python3.10/dist-packages/custom_interfaces/action/__init__.py'...
Compiling '/home/choi/Fitomi_Assist_AI_Cobot/install/custom_interfaces/local/lib/python3.10/dist-packages/custom_interfaces/action/_task_command.py'...
Listing '/home/choi/Fitomi_Assist_AI_Cobot/install/custom_interfaces/local/lib/python3.10/dist-packages/custom_interfaces/msg'...
Compiling '/home/choi/Fitomi_Assist_AI_Cobot/install/custom_interfaces/local/lib/python3.10/dist-packages/custom_interfaces/msg/__init__.py'...
Compiling '/home/choi/Fitomi_Assist_AI_Cobot/install/custom_interfaces/local/lib/python3.10/dist-packages/custom_interfaces/msg/_inference_result.py'...
Compiling '/home/choi/Fitomi_Assist_AI_Cobot/install/custom_interfaces/local/lib/python3.10/dist-packages/custom_interfaces/msg/_send_img.py'...
Compiling '/home/choi/Fitomi_Assist_AI_Cobot/install/custom_interfaces/local/lib/python3.10/dist-packages/custom_interfaces/msg/_yolov8_inference.py'...
Listing '/home/choi/Fitomi_Assist_AI_Cobot/install/custom_interfaces/local/lib/python3.10/dist-packages/custom_interfaces/srv'...
Compiling '/home/choi/Fitomi_Assist_AI_Cobot/install/custom_interfaces/local/lib/python3.10/dist-packages/custom_interfaces/srv/__init__.py'...
Compiling '/home/choi/Fitomi_Assist_AI_Cobot/install/custom_interfaces/local/lib/python3.10/dist-packages/custom_interfaces/srv/_img_load.py'...
Compiling '/home/choi/Fitomi_Assist_AI_Cobot/install/custom_interfaces/local/lib/python3.10/dist-packages/custom_interfaces/srv/_log_message.py'...
Compiling '/home/choi/Fitomi_Assist_AI_Cobot/install/custom_interfaces/local/lib/python3.10/dist-packages/custom_interfaces/srv/_srv_depth_position.py'...
Compiling '/home/choi/Fitomi_Assist_AI_Cobot/install/custom_interfaces/local/lib/python3.10/dist-packages/custom_interfaces/srv/_task_command.py'...
-- Installing: /home/choi/Fitomi_Assist_AI_Cobot/install/custom_interfaces/local/lib/python3.10/dist-packages/custom_interfaces/custom_interfaces_s__rosidl_typesupport_fastrtps_c.cpython-310-x86_64-linux-gnu.so
-- Set runtime path of "/home/choi/Fitomi_Assist_AI_Cobot/install/custom_interfaces/local/lib/python3.10/dist-packages/custom_interfaces/custom_interfaces_s__rosidl_typesupport_fastrtps_c.cpython-310-x86_64-linux-gnu.so" to ""
-- Installing: /home/choi/Fitomi_Assist_AI_Cobot/install/custom_interfaces/local/lib/python3.10/dist-packages/custom_interfaces/custom_interfaces_s__rosidl_typesupport_introspection_c.cpython-310-x86_64-linux-gnu.so
-- Set runtime path of "/home/choi/Fitomi_Assist_AI_Cobot/install/custom_interfaces/local/lib/python3.10/dist-packages/custom_interfaces/custom_interfaces_s__rosidl_typesupport_introspection_c.cpython-310-x86_64-linux-gnu.so" to ""
-- Installing: /home/choi/Fitomi_Assist_AI_Cobot/install/custom_interfaces/local/lib/python3.10/dist-packages/custom_interfaces/custom_interfaces_s__rosidl_typesupport_c.cpython-310-x86_64-linux-gnu.so
-- Set runtime path of "/home/choi/Fitomi_Assist_AI_Cobot/install/custom_interfaces/local/lib/python3.10/dist-packages/custom_interfaces/custom_interfaces_s__rosidl_typesupport_c.cpython-310-x86_64-linux-gnu.so" to ""
-- Installing: /home/choi/Fitomi_Assist_AI_Cobot/install/custom_interfaces/lib/libcustom_interfaces__rosidl_generator_py.so
-- Set runtime path of "/home/choi/Fitomi_Assist_AI_Cobot/install/custom_interfaces/lib/libcustom_interfaces__rosidl_generator_py.so" to ""
-- Installing: /home/choi/Fitomi_Assist_AI_Cobot/install/custom_interfaces/share/custom_interfaces/msg/SendImg.idl
-- Installing: /home/choi/Fitomi_Assist_AI_Cobot/install/custom_interfaces/share/custom_interfaces/msg/InferenceResult.idl
-- Installing: /home/choi/Fitomi_Assist_AI_Cobot/install/custom_interfaces/share/custom_interfaces/msg/Yolov8Inference.idl
-- Installing: /home/choi/Fitomi_Assist_AI_Cobot/install/custom_interfaces/share/custom_interfaces/srv/ImgLoad.idl
-- Installing: /home/choi/Fitomi_Assist_AI_Cobot/install/custom_interfaces/share/custom_interfaces/srv/LogMessage.idl
-- Installing: /home/choi/Fitomi_Assist_AI_Cobot/install/custom_interfaces/share/custom_interfaces/srv/TaskCommand.idl
-- Installing: /home/choi/Fitomi_Assist_AI_Cobot/install/custom_interfaces/share/custom_interfaces/srv/SrvDepthPosition.idl
-- Installing: /home/choi/Fitomi_Assist_AI_Cobot/install/custom_interfaces/share/custom_interfaces/action/TaskCommand.idl
-- Installing: /home/choi/Fitomi_Assist_AI_Cobot/install/custom_interfaces/share/custom_interfaces/msg/SendImg.msg
-- Installing: /home/choi/Fitomi_Assist_AI_Cobot/install/custom_interfaces/share/custom_interfaces/msg/InferenceResult.msg
-- Installing: /home/choi/Fitomi_Assist_AI_Cobot/install/custom_interfaces/share/custom_interfaces/msg/Yolov8Inference.msg
-- Installing: /home/choi/Fitomi_Assist_AI_Cobot/install/custom_interfaces/share/custom_interfaces/srv/ImgLoad.srv
-- Installing: /home/choi/Fitomi_Assist_AI_Cobot/install/custom_interfaces/share/custom_interfaces/srv/ImgLoad_Request.msg
-- Installing: /home/choi/Fitomi_Assist_AI_Cobot/install/custom_interfaces/share/custom_interfaces/srv/ImgLoad_Response.msg
-- Installing: /home/choi/Fitomi_Assist_AI_Cobot/install/custom_interfaces/share/custom_interfaces/srv/LogMessage.srv
-- Installing: /home/choi/Fitomi_Assist_AI_Cobot/install/custom_interfaces/share/custom_interfaces/srv/LogMessage_Request.msg
-- Installing: /home/choi/Fitomi_Assist_AI_Cobot/install/custom_interfaces/share/custom_interfaces/srv/LogMessage_Response.msg
-- Installing: /home/choi/Fitomi_Assist_AI_Cobot/install/custom_interfaces/share/custom_interfaces/srv/TaskCommand.srv
-- Installing: /home/choi/Fitomi_Assist_AI_Cobot/install/custom_interfaces/share/custom_interfaces/srv/TaskCommand_Request.msg
-- Installing: /home/choi/Fitomi_Assist_AI_Cobot/install/custom_interfaces/share/custom_interfaces/srv/TaskCommand_Response.msg
-- Installing: /home/choi/Fitomi_Assist_AI_Cobot/install/custom_interfaces/share/custom_interfaces/srv/SrvDepthPosition.srv
-- Installing: /home/choi/Fitomi_Assist_AI_Cobot/install/custom_interfaces/share/custom_interfaces/srv/SrvDepthPosition_Request.msg
-- Installing: /home/choi/Fitomi_Assist_AI_Cobot/install/custom_interfaces/share/custom_interfaces/srv/SrvDepthPosition_Response.msg
-- Installing: /home/choi/Fitomi_Assist_AI_Cobot/install/custom_interfaces/share/custom_interfaces/action/TaskCommand.action
-- Installing: /home/choi/Fitomi_Assist_AI_Cobot/install/custom_interfaces/share/ament_index/resource_index/package_run_dependencies/custom_interfaces
-- Installing: /home/choi/Fitomi_Assist_AI_Cobot/install/custom_interfaces/share/ament_index/resource_index/parent_prefix_path/custom_interfaces
-- Installing: /home/choi/Fitomi_Assist_AI_Cobot/install/custom_interfaces/share/custom_interfaces/environment/ament_prefix_path.sh
-- Installing: /home/choi/Fitomi_Assist_AI_Cobot/install/custom_interfaces/share/custom_interfaces/environment/ament_prefix_path.dsv
-- Installing: /home/choi/Fitomi_Assist_AI_Cobot/install/custom_interfaces/share/custom_interfaces/environment/path.sh
-- Installing: /home/choi/Fitomi_Assist_AI_Cobot/install/custom_interfaces/share/custom_interfaces/environment/path.dsv
-- Installing: /home/choi/Fitomi_Assist_AI_Cobot/install/custom_interfaces/share/custom_interfaces/local_setup.bash
-- Installing: /home/choi/Fitomi_Assist_AI_Cobot/install/custom_interfaces/share/custom_interfaces/local_setup.sh
-- Installing: /home/choi/Fitomi_Assist_AI_Cobot/install/custom_interfaces/share/custom_interfaces/local_setup.zsh
-- Installing: /home/choi/Fitomi_Assist_AI_Cobot/install/custom_interfaces/share/custom_interfaces/local_setup.dsv
-- Installing: /home/choi/Fitomi_Assist_AI_Cobot/install/custom_interfaces/share/custom_interfaces/package.dsv
-- Installing: /home/choi/Fitomi_Assist_AI_Cobot/install/custom_interfaces/share/ament_index/resource_index/packages/custom_interfaces
-- Installing: /home/choi/Fitomi_Assist_AI_Cobot/install/custom_interfaces/share/custom_interfaces/cmake/export_custom_interfaces__rosidl_generator_cExport.cmake
-- Installing: /home/choi/Fitomi_Assist_AI_Cobot/install/custom_interfaces/share/custom_interfaces/cmake/export_custom_interfaces__rosidl_generator_cExport-noconfig.cmake
-- Installing: /home/choi/Fitomi_Assist_AI_Cobot/install/custom_interfaces/share/custom_interfaces/cmake/export_custom_interfaces__rosidl_typesupport_fastrtps_cExport.cmake
-- Installing: /home/choi/Fitomi_Assist_AI_Cobot/install/custom_interfaces/share/custom_interfaces/cmake/export_custom_interfaces__rosidl_typesupport_fastrtps_cExport-noconfig.cmake
-- Installing: /home/choi/Fitomi_Assist_AI_Cobot/install/custom_interfaces/share/custom_interfaces/cmake/export_custom_interfaces__rosidl_generator_cppExport.cmake
-- Installing: /home/choi/Fitomi_Assist_AI_Cobot/install/custom_interfaces/share/custom_interfaces/cmake/export_custom_interfaces__rosidl_typesupport_fastrtps_cppExport.cmake
-- Installing: /home/choi/Fitomi_Assist_AI_Cobot/install/custom_interfaces/share/custom_interfaces/cmake/export_custom_interfaces__rosidl_typesupport_fastrtps_cppExport-noconfig.cmake
-- Installing: /home/choi/Fitomi_Assist_AI_Cobot/install/custom_interfaces/share/custom_interfaces/cmake/custom_interfaces__rosidl_typesupport_introspection_cExport.cmake
-- Installing: /home/choi/Fitomi_Assist_AI_Cobot/install/custom_interfaces/share/custom_interfaces/cmake/custom_interfaces__rosidl_typesupport_introspection_cExport-noconfig.cmake
-- Installing: /home/choi/Fitomi_Assist_AI_Cobot/install/custom_interfaces/share/custom_interfaces/cmake/custom_interfaces__rosidl_typesupport_cExport.cmake
-- Installing: /home/choi/Fitomi_Assist_AI_Cobot/install/custom_interfaces/share/custom_interfaces/cmake/custom_interfaces__rosidl_typesupport_cExport-noconfig.cmake
-- Installing: /home/choi/Fitomi_Assist_AI_Cobot/install/custom_interfaces/share/custom_interfaces/cmake/custom_interfaces__rosidl_typesupport_introspection_cppExport.cmake
-- Installing: /home/choi/Fitomi_Assist_AI_Cobot/install/custom_interfaces/share/custom_interfaces/cmake/custom_interfaces__rosidl_typesupport_introspection_cppExport-noconfig.cmake
-- Installing: /home/choi/Fitomi_Assist_AI_Cobot/install/custom_interfaces/share/custom_interfaces/cmake/custom_interfaces__rosidl_typesupport_cppExport.cmake
-- Installing: /home/choi/Fitomi_Assist_AI_Cobot/install/custom_interfaces/share/custom_interfaces/cmake/custom_interfaces__rosidl_typesupport_cppExport-noconfig.cmake
-- Installing: /home/choi/Fitomi_Assist_AI_Cobot/install/custom_interfaces/share/custom_interfaces/cmake/export_custom_interfaces__rosidl_generator_pyExport.cmake
-- Installing: /home/choi/Fitomi_Assist_AI_Cobot/install/custom_interfaces/share/custom_interfaces/cmake/export_custom_interfaces__rosidl_generator_pyExport-noconfig.cmake
-- Installing: /home/choi/Fitomi_Assist_AI_Cobot/install/custom_interfaces/share/custom_interfaces/cmake/ament_cmake_export_dependencies-extras.cmake
-- Installing: /home/choi/Fitomi_Assist_AI_Cobot/install/custom_interfaces/share/custom_interfaces/cmake/rosidl_cmake-extras.cmake
-- Installing: /home/choi/Fitomi_Assist_AI_Cobot/install/custom_interfaces/share/custom_interfaces/cmake/ament_cmake_export_include_directories-extras.cmake
-- Installing: /home/choi/Fitomi_Assist_AI_Cobot/install/custom_interfaces/share/custom_interfaces/cmake/ament_cmake_export_libraries-extras.cmake
-- Installing: /home/choi/Fitomi_Assist_AI_Cobot/install/custom_interfaces/share/custom_interfaces/cmake/ament_cmake_export_targets-extras.cmake
-- Installing: /home/choi/Fitomi_Assist_AI_Cobot/install/custom_interfaces/share/custom_interfaces/cmake/rosidl_cmake_export_typesupport_targets-extras.cmake
-- Installing: /home/choi/Fitomi_Assist_AI_Cobot/install/custom_interfaces/share/custom_interfaces/cmake/rosidl_cmake_export_typesupport_libraries-extras.cmake
-- Installing: /home/choi/Fitomi_Assist_AI_Cobot/install/custom_interfaces/share/custom_interfaces/cmake/custom_interfacesConfig.cmake
-- Installing: /home/choi/Fitomi_Assist_AI_Cobot/install/custom_interfaces/share/custom_interfaces/cmake/custom_interfacesConfig-version.cmake
-- Installing: /home/choi/Fitomi_Assist_AI_Cobot/install/custom_interfaces/share/custom_interfaces/package.xml
