[0.027s] Invoking command in '/home/choi/Fitomi_Assist_AI_Cobot/build/custom_interfaces': CMAKE_PREFIX_PATH=/opt/ros/humble /usr/bin/cmake /home/choi/Fitomi_Assist_AI_Cobot/src/custom_interfaces -DCMAKE_INSTALL_PREFIX=/home/choi/Fitomi_Assist_AI_Cobot/install/custom_interfaces
[0.103s] -- The C compiler identification is GNU 11.4.0
[0.179s] -- The CXX compiler identification is GNU 11.4.0
[0.191s] -- Detecting C compiler ABI info
[0.282s] -- Detecting C compiler ABI info - done
[0.303s] -- Check for working C compiler: /usr/bin/cc - skipped
[0.304s] -- Detecting C compile features
[0.305s] -- Detecting C compile features - done
[0.311s] -- Detecting CXX compiler ABI info
[0.423s] -- Detecting CXX compiler ABI info - done
[0.436s] -- Check for working CXX compiler: /usr/bin/c++ - skipped
[0.437s] -- Detecting CXX compile features
[0.438s] -- Detecting CXX compile features - done
[0.446s] -- Found ament_cmake: 1.3.11 (/opt/ros/humble/share/ament_cmake/cmake)
[0.653s] -- Found Python3: /usr/bin/python3 (found version "3.10.12") found components: Interpreter 
[0.809s] -- Found builtin_interfaces: 1.2.1 (/opt/ros/humble/share/builtin_interfaces/cmake)
[0.876s] -- Found rosidl_generator_c: 3.1.6 (/opt/ros/humble/share/rosidl_generator_c/cmake)
[0.887s] -- Found rosidl_adapter: 3.1.6 (/opt/ros/humble/share/rosidl_adapter/cmake)
[0.904s] -- Found rosidl_generator_cpp: 3.1.6 (/opt/ros/humble/share/rosidl_generator_cpp/cmake)
[0.930s] -- Using all available rosidl_typesupport_c: rosidl_typesupport_fastrtps_c;rosidl_typesupport_introspection_c
[0.959s] -- Using all available rosidl_typesupport_cpp: rosidl_typesupport_fastrtps_cpp;rosidl_typesupport_introspection_cpp
[0.988s] -- Found rosidl_default_generators: 1.2.0 (/opt/ros/humble/share/rosidl_default_generators/cmake)
[1.006s] -- Found sensor_msgs: 4.8.0 (/opt/ros/humble/share/sensor_msgs/cmake)
[1.661s] -- Found ament_cmake_ros: 0.10.0 (/opt/ros/humble/share/ament_cmake_ros/cmake)
[2.336s] -- Using all available rosidl_typesupport_c: rosidl_typesupport_fastrtps_c;rosidl_typesupport_introspection_c
[2.585s] -- Using all available rosidl_typesupport_cpp: rosidl_typesupport_fastrtps_cpp;rosidl_typesupport_introspection_cpp
[2.609s] -- Found PythonInterp: /usr/bin/python3 (found suitable version "3.10.12", minimum required is "3.6") 
[2.612s] -- Found python_cmake_module: 0.10.0 (/opt/ros/humble/share/python_cmake_module/cmake)
[2.642s] -- Found PythonLibs: /usr/lib/x86_64-linux-gnu/libpython3.10.so (found suitable version "3.10.12", minimum required is "3.5") 
[2.642s] -- Using PYTHON_EXECUTABLE: /usr/bin/python3
[2.642s] -- Using PYTHON_INCLUDE_DIRS: /usr/include/python3.10
[2.642s] -- Using PYTHON_LIBRARIES: /usr/lib/x86_64-linux-gnu/libpython3.10.so
[2.664s] -- Found PythonExtra: .so  
[3.026s] -- Using numpy include directory: /home/choi/.local/lib/python3.10/site-packages/numpy/core/include
[3.052s] -- Found ament_lint_auto: 0.12.12 (/opt/ros/humble/share/ament_lint_auto/cmake)
[3.093s] -- Added test 'lint_cmake' to check CMake code style
[3.095s] -- Added test 'xmllint' to check XML markup files
[3.098s] -- Configuring done
[3.178s] -- Generating done
[3.200s] -- Build files have been written to: /home/choi/Fitomi_Assist_AI_Cobot/build/custom_interfaces
[3.215s] Invoked command in '/home/choi/Fitomi_Assist_AI_Cobot/build/custom_interfaces' returned '0': CMAKE_PREFIX_PATH=/opt/ros/humble /usr/bin/cmake /home/choi/Fitomi_Assist_AI_Cobot/src/custom_interfaces -DCMAKE_INSTALL_PREFIX=/home/choi/Fitomi_Assist_AI_Cobot/install/custom_interfaces
[3.217s] Invoking command in '/home/choi/Fitomi_Assist_AI_Cobot/build/custom_interfaces': CMAKE_PREFIX_PATH=/opt/ros/humble /usr/bin/cmake --build /home/choi/Fitomi_Assist_AI_Cobot/build/custom_interfaces -- -j8 -l8
[3.284s] [  1%] [34m[1mGenerating C++ code for ROS interfaces[0m
[5.183s] [  1%] Built target custom_interfaces__cpp
[5.298s] [  1%] Built target ament_cmake_python_copy_custom_interfaces
[5.312s] [  2%] [34m[1mGenerating C++ introspection for ROS interfaces[0m
[6.550s] [  3%] [32mBuilding CXX object CMakeFiles/custom_interfaces__rosidl_typesupport_introspection_cpp.dir/rosidl_typesupport_introspection_cpp/custom_interfaces/msg/detail/send_img__type_support.cpp.o[0m
[7.114s] [  4%] [32mBuilding CXX object CMakeFiles/custom_interfaces__rosidl_typesupport_introspection_cpp.dir/rosidl_typesupport_introspection_cpp/custom_interfaces/srv/detail/img_load__type_support.cpp.o[0m
[7.698s] [  5%] [32mBuilding CXX object CMakeFiles/custom_interfaces__rosidl_typesupport_introspection_cpp.dir/rosidl_typesupport_introspection_cpp/custom_interfaces/srv/detail/log_message__type_support.cpp.o[0m
[8.251s] [  6%] [32mBuilding CXX object CMakeFiles/custom_interfaces__rosidl_typesupport_introspection_cpp.dir/rosidl_typesupport_introspection_cpp/custom_interfaces/srv/detail/task_command__type_support.cpp.o[0m
[8.857s] [  8%] [32mBuilding CXX object CMakeFiles/custom_interfaces__rosidl_typesupport_introspection_cpp.dir/rosidl_typesupport_introspection_cpp/custom_interfaces/srv/detail/srv_depth_position__type_support.cpp.o[0m
[9.449s] [  9%] [32mBuilding CXX object CMakeFiles/custom_interfaces__rosidl_typesupport_introspection_cpp.dir/rosidl_typesupport_introspection_cpp/custom_interfaces/action/detail/task_command__type_support.cpp.o[0m
[10.347s] [ 10%] [32mBuilding CXX object CMakeFiles/custom_interfaces__rosidl_typesupport_introspection_cpp.dir/rosidl_typesupport_introspection_cpp/custom_interfaces/msg/detail/yolov8_inference__type_support.cpp.o[0m
[11.003s] [ 11%] [32mBuilding CXX object CMakeFiles/custom_interfaces__rosidl_typesupport_introspection_cpp.dir/rosidl_typesupport_introspection_cpp/custom_interfaces/msg/detail/inference_result__type_support.cpp.o[0m
[11.581s] [ 12%] [32m[1mLinking CXX shared library libcustom_interfaces__rosidl_typesupport_introspection_cpp.so[0m
[11.705s] [ 12%] Built target custom_interfaces__rosidl_typesupport_introspection_cpp
[12.184s] running egg_info
[12.185s] creating custom_interfaces.egg-info
[12.185s] writing custom_interfaces.egg-info/PKG-INFO
[12.186s] writing dependency_links to custom_interfaces.egg-info/dependency_links.txt
[12.186s] writing top-level names to custom_interfaces.egg-info/top_level.txt
[12.186s] writing manifest file 'custom_interfaces.egg-info/SOURCES.txt'
[12.189s] reading manifest file 'custom_interfaces.egg-info/SOURCES.txt'
[12.190s] writing manifest file 'custom_interfaces.egg-info/SOURCES.txt'
[12.225s] [ 12%] Built target ament_cmake_python_build_custom_interfaces_egg
[12.239s] [ 13%] [34m[1mGenerating C++ type support for eProsima Fast-RTPS[0m
[13.654s] [ 14%] [32mBuilding CXX object CMakeFiles/custom_interfaces__rosidl_typesupport_fastrtps_cpp.dir/rosidl_typesupport_fastrtps_cpp/custom_interfaces/msg/detail/dds_fastrtps/send_img__type_support.cpp.o[0m
[14.207s] [ 17%] [32mBuilding CXX object CMakeFiles/custom_interfaces__rosidl_typesupport_fastrtps_cpp.dir/rosidl_typesupport_fastrtps_cpp/custom_interfaces/srv/detail/dds_fastrtps/task_command__type_support.cpp.o[0m
[14.207s] [ 17%] [32mBuilding CXX object CMakeFiles/custom_interfaces__rosidl_typesupport_fastrtps_cpp.dir/rosidl_typesupport_fastrtps_cpp/custom_interfaces/srv/detail/dds_fastrtps/log_message__type_support.cpp.o[0m
[14.814s] [ 18%] [32mBuilding CXX object CMakeFiles/custom_interfaces__rosidl_typesupport_fastrtps_cpp.dir/rosidl_typesupport_fastrtps_cpp/custom_interfaces/srv/detail/dds_fastrtps/srv_depth_position__type_support.cpp.o[0m
[14.895s] [ 19%] [32mBuilding CXX object CMakeFiles/custom_interfaces__rosidl_typesupport_fastrtps_cpp.dir/rosidl_typesupport_fastrtps_cpp/custom_interfaces/action/detail/dds_fastrtps/task_command__type_support.cpp.o[0m
[15.504s] [ 21%] [32mBuilding CXX object CMakeFiles/custom_interfaces__rosidl_typesupport_fastrtps_cpp.dir/rosidl_typesupport_fastrtps_cpp/custom_interfaces/msg/detail/dds_fastrtps/yolov8_inference__type_support.cpp.o[0m
[15.504s] [ 21%] [32mBuilding CXX object CMakeFiles/custom_interfaces__rosidl_typesupport_fastrtps_cpp.dir/rosidl_typesupport_fastrtps_cpp/custom_interfaces/srv/detail/dds_fastrtps/img_load__type_support.cpp.o[0m
[15.854s] [ 22%] [32mBuilding CXX object CMakeFiles/custom_interfaces__rosidl_typesupport_fastrtps_cpp.dir/rosidl_typesupport_fastrtps_cpp/custom_interfaces/msg/detail/dds_fastrtps/inference_result__type_support.cpp.o[0m
[16.536s] [ 24%] [32m[1mLinking CXX shared library libcustom_interfaces__rosidl_typesupport_fastrtps_cpp.so[0m
[16.660s] [ 24%] Built target custom_interfaces__rosidl_typesupport_fastrtps_cpp
[16.676s] [ 26%] [34m[1mGenerating C code for ROS interfaces[0m
[16.676s] [ 26%] [34m[1mGenerating C++ type support dispatch for ROS interfaces[0m
[17.616s] [ 27%] [32mBuilding CXX object CMakeFiles/custom_interfaces__rosidl_typesupport_cpp.dir/rosidl_typesupport_cpp/custom_interfaces/msg/yolov8_inference__type_support.cpp.o[0m
[17.617s] [ 28%] [32mBuilding CXX object CMakeFiles/custom_interfaces__rosidl_typesupport_cpp.dir/rosidl_typesupport_cpp/custom_interfaces/msg/inference_result__type_support.cpp.o[0m
[17.619s] [ 29%] [32mBuilding CXX object CMakeFiles/custom_interfaces__rosidl_typesupport_cpp.dir/rosidl_typesupport_cpp/custom_interfaces/msg/send_img__type_support.cpp.o[0m
[18.051s] [ 31%] [32mBuilding CXX object CMakeFiles/custom_interfaces__rosidl_typesupport_cpp.dir/rosidl_typesupport_cpp/custom_interfaces/srv/srv_depth_position__type_support.cpp.o[0m
[18.245s] [ 32%] [32mBuilding CXX object CMakeFiles/custom_interfaces__rosidl_typesupport_cpp.dir/rosidl_typesupport_cpp/custom_interfaces/action/task_command__type_support.cpp.o[0m
[18.324s] [ 33%] [32mBuilding CXX object CMakeFiles/custom_interfaces__rosidl_typesupport_cpp.dir/rosidl_typesupport_cpp/custom_interfaces/srv/task_command__type_support.cpp.o[0m
[18.529s] [ 34%] [32mBuilding C object CMakeFiles/custom_interfaces__rosidl_generator_c.dir/rosidl_generator_c/custom_interfaces/msg/detail/send_img__functions.c.o[0m
[18.529s] [ 36%] [32mBuilding C object CMakeFiles/custom_interfaces__rosidl_generator_c.dir/rosidl_generator_c/custom_interfaces/msg/detail/inference_result__functions.c.o[0m
[18.529s] [ 36%] [32mBuilding C object CMakeFiles/custom_interfaces__rosidl_generator_c.dir/rosidl_generator_c/custom_interfaces/msg/detail/yolov8_inference__functions.c.o[0m
[18.565s] [ 37%] [32mBuilding CXX object CMakeFiles/custom_interfaces__rosidl_typesupport_cpp.dir/rosidl_typesupport_cpp/custom_interfaces/srv/log_message__type_support.cpp.o[0m
[18.655s] [ 39%] [32mBuilding C object CMakeFiles/custom_interfaces__rosidl_generator_c.dir/rosidl_generator_c/custom_interfaces/srv/detail/log_message__functions.c.o[0m
[18.656s] [ 40%] [32mBuilding C object CMakeFiles/custom_interfaces__rosidl_generator_c.dir/rosidl_generator_c/custom_interfaces/srv/detail/img_load__functions.c.o[0m
[18.660s] [ 41%] [32mBuilding C object CMakeFiles/custom_interfaces__rosidl_generator_c.dir/rosidl_generator_c/custom_interfaces/srv/detail/task_command__functions.c.o[0m
[18.808s] [ 42%] [32mBuilding C object CMakeFiles/custom_interfaces__rosidl_generator_c.dir/rosidl_generator_c/custom_interfaces/srv/detail/srv_depth_position__functions.c.o[0m
[18.813s] [ 43%] [32mBuilding C object CMakeFiles/custom_interfaces__rosidl_generator_c.dir/rosidl_generator_c/custom_interfaces/action/detail/task_command__functions.c.o[0m
[18.926s] [ 44%] [32mBuilding CXX object CMakeFiles/custom_interfaces__rosidl_typesupport_cpp.dir/rosidl_typesupport_cpp/custom_interfaces/srv/img_load__type_support.cpp.o[0m
[19.154s] [ 45%] [32m[1mLinking C shared library libcustom_interfaces__rosidl_generator_c.so[0m
[19.224s] [ 45%] Built target custom_interfaces__rosidl_generator_c
[19.248s] [ 48%] [34m[1mGenerating C introspection for ROS interfaces[0m
[19.248s] [ 48%] [34m[1mGenerating C type support for eProsima Fast-RTPS[0m
[19.388s] [ 49%] [32m[1mLinking CXX shared library libcustom_interfaces__rosidl_typesupport_cpp.so[0m
[19.456s] [ 49%] Built target custom_interfaces__rosidl_typesupport_cpp
[19.472s] [ 50%] [34m[1mGenerating C type support dispatch for ROS interfaces[0m
[20.464s] [ 52%] [32mBuilding CXX object CMakeFiles/custom_interfaces__rosidl_typesupport_c.dir/rosidl_typesupport_c/custom_interfaces/msg/yolov8_inference__type_support.cpp.o[0m
[20.464s] [ 54%] [32mBuilding CXX object CMakeFiles/custom_interfaces__rosidl_typesupport_c.dir/rosidl_typesupport_c/custom_interfaces/msg/send_img__type_support.cpp.o[0m
[20.464s] [ 54%] [32mBuilding CXX object CMakeFiles/custom_interfaces__rosidl_typesupport_c.dir/rosidl_typesupport_c/custom_interfaces/msg/inference_result__type_support.cpp.o[0m
[20.540s] [ 55%] [32mBuilding CXX object CMakeFiles/custom_interfaces__rosidl_typesupport_c.dir/rosidl_typesupport_c/custom_interfaces/srv/task_command__type_support.cpp.o[0m
[20.541s] [ 56%] [32mBuilding CXX object CMakeFiles/custom_interfaces__rosidl_typesupport_c.dir/rosidl_typesupport_c/custom_interfaces/srv/srv_depth_position__type_support.cpp.o[0m
[20.541s] [ 57%] [32mBuilding CXX object CMakeFiles/custom_interfaces__rosidl_typesupport_c.dir/rosidl_typesupport_c/custom_interfaces/action/task_command__type_support.cpp.o[0m
[20.622s] [ 59%] [32mBuilding CXX object CMakeFiles/custom_interfaces__rosidl_typesupport_c.dir/rosidl_typesupport_c/custom_interfaces/srv/log_message__type_support.cpp.o[0m
[20.622s] [ 59%] [32mBuilding CXX object CMakeFiles/custom_interfaces__rosidl_typesupport_c.dir/rosidl_typesupport_c/custom_interfaces/srv/img_load__type_support.cpp.o[0m
[20.702s] [ 60%] [32m[1mLinking CXX shared library libcustom_interfaces__rosidl_typesupport_c.so[0m
[20.748s] [ 62%] [32mBuilding C object CMakeFiles/custom_interfaces__rosidl_typesupport_introspection_c.dir/rosidl_typesupport_introspection_c/custom_interfaces/msg/detail/send_img__type_support.c.o[0m
[20.749s] [ 64%] [32mBuilding C object CMakeFiles/custom_interfaces__rosidl_typesupport_introspection_c.dir/rosidl_typesupport_introspection_c/custom_interfaces/msg/detail/yolov8_inference__type_support.c.o[0m
[20.749s] [ 64%] [32mBuilding C object CMakeFiles/custom_interfaces__rosidl_typesupport_introspection_c.dir/rosidl_typesupport_introspection_c/custom_interfaces/msg/detail/inference_result__type_support.c.o[0m
[20.792s] [ 64%] Built target custom_interfaces__rosidl_typesupport_c
[20.835s] [ 65%] [32mBuilding C object CMakeFiles/custom_interfaces__rosidl_typesupport_introspection_c.dir/rosidl_typesupport_introspection_c/custom_interfaces/srv/detail/srv_depth_position__type_support.c.o[0m
[20.841s] [ 66%] [32mBuilding C object CMakeFiles/custom_interfaces__rosidl_typesupport_introspection_c.dir/rosidl_typesupport_introspection_c/custom_interfaces/srv/detail/task_command__type_support.c.o[0m
[20.846s] [ 67%] [32mBuilding C object CMakeFiles/custom_interfaces__rosidl_typesupport_introspection_c.dir/rosidl_typesupport_introspection_c/custom_interfaces/srv/detail/log_message__type_support.c.o[0m
[20.930s] [ 70%] [32mBuilding CXX object CMakeFiles/custom_interfaces__rosidl_typesupport_fastrtps_c.dir/rosidl_typesupport_fastrtps_c/custom_interfaces/msg/detail/yolov8_inference__type_support_c.cpp.o[0m
[20.930s] [ 70%] [32mBuilding C object CMakeFiles/custom_interfaces__rosidl_typesupport_introspection_c.dir/rosidl_typesupport_introspection_c/custom_interfaces/action/detail/task_command__type_support.c.o[0m
[20.932s] [ 72%] [32mBuilding CXX object CMakeFiles/custom_interfaces__rosidl_typesupport_fastrtps_c.dir/rosidl_typesupport_fastrtps_c/custom_interfaces/msg/detail/inference_result__type_support_c.cpp.o[0m
[20.933s] [ 72%] [32mBuilding CXX object CMakeFiles/custom_interfaces__rosidl_typesupport_fastrtps_c.dir/rosidl_typesupport_fastrtps_c/custom_interfaces/msg/detail/send_img__type_support_c.cpp.o[0m
[20.938s] [ 73%] [32mBuilding C object CMakeFiles/custom_interfaces__rosidl_typesupport_introspection_c.dir/rosidl_typesupport_introspection_c/custom_interfaces/srv/detail/img_load__type_support.c.o[0m
[21.049s] [ 74%] [32m[1mLinking C shared library libcustom_interfaces__rosidl_typesupport_introspection_c.so[0m
[21.107s] [ 74%] Built target custom_interfaces__rosidl_typesupport_introspection_c
[21.501s] [ 75%] [32mBuilding CXX object CMakeFiles/custom_interfaces__rosidl_typesupport_fastrtps_c.dir/rosidl_typesupport_fastrtps_c/custom_interfaces/srv/detail/srv_depth_position__type_support_c.cpp.o[0m
[21.505s] [ 77%] [32mBuilding CXX object CMakeFiles/custom_interfaces__rosidl_typesupport_fastrtps_c.dir/rosidl_typesupport_fastrtps_c/custom_interfaces/action/detail/task_command__type_support_c.cpp.o[0m
[21.571s] [ 78%] [32mBuilding CXX object CMakeFiles/custom_interfaces__rosidl_typesupport_fastrtps_c.dir/rosidl_typesupport_fastrtps_c/custom_interfaces/srv/detail/task_command__type_support_c.cpp.o[0m
[21.590s] [ 79%] [32mBuilding CXX object CMakeFiles/custom_interfaces__rosidl_typesupport_fastrtps_c.dir/rosidl_typesupport_fastrtps_c/custom_interfaces/srv/detail/log_message__type_support_c.cpp.o[0m
[22.113s] [ 80%] [32mBuilding CXX object CMakeFiles/custom_interfaces__rosidl_typesupport_fastrtps_c.dir/rosidl_typesupport_fastrtps_c/custom_interfaces/srv/detail/img_load__type_support_c.cpp.o[0m
[22.661s] [ 81%] [32m[1mLinking CXX shared library libcustom_interfaces__rosidl_typesupport_fastrtps_c.so[0m
[22.781s] [ 81%] Built target custom_interfaces__rosidl_typesupport_fastrtps_c
[22.809s] [ 81%] Built target custom_interfaces
[22.838s] [ 82%] [34m[1mGenerating Python code for ROS interfaces[0m
[25.639s] [ 82%] Built target custom_interfaces__py
[25.670s] [ 83%] [32mBuilding C object CMakeFiles/custom_interfaces__rosidl_generator_py.dir/rosidl_generator_py/custom_interfaces/msg/_send_img_s.c.o[0m
[25.674s] [ 87%] [32mBuilding C object CMakeFiles/custom_interfaces__rosidl_generator_py.dir/rosidl_generator_py/custom_interfaces/msg/_inference_result_s.c.o[0m
[25.675s] [ 87%] [32mBuilding C object CMakeFiles/custom_interfaces__rosidl_generator_py.dir/rosidl_generator_py/custom_interfaces/srv/_img_load_s.c.o[0m
[25.675s] [ 87%] [32mBuilding C object CMakeFiles/custom_interfaces__rosidl_generator_py.dir/rosidl_generator_py/custom_interfaces/msg/_yolov8_inference_s.c.o[0m
[25.675s] [ 88%] [32mBuilding C object CMakeFiles/custom_interfaces__rosidl_generator_py.dir/rosidl_generator_py/custom_interfaces/srv/_log_message_s.c.o[0m
[25.919s] [ 89%] [32mBuilding C object CMakeFiles/custom_interfaces__rosidl_generator_py.dir/rosidl_generator_py/custom_interfaces/action/_task_command_s.c.o[0m
[25.931s] [ 90%] [32mBuilding C object CMakeFiles/custom_interfaces__rosidl_generator_py.dir/rosidl_generator_py/custom_interfaces/srv/_srv_depth_position_s.c.o[0m
[25.946s] [ 91%] [32mBuilding C object CMakeFiles/custom_interfaces__rosidl_generator_py.dir/rosidl_generator_py/custom_interfaces/srv/_task_command_s.c.o[0m
[26.223s] [ 93%] [32m[1mLinking C shared library rosidl_generator_py/custom_interfaces/libcustom_interfaces__rosidl_generator_py.so[0m
[26.292s] [ 93%] Built target custom_interfaces__rosidl_generator_py
[26.321s] [ 96%] [32mBuilding C object CMakeFiles/custom_interfaces__rosidl_typesupport_fastrtps_c__pyext.dir/rosidl_generator_py/custom_interfaces/_custom_interfaces_s.ep.rosidl_typesupport_fastrtps_c.c.o[0m
[26.321s] [ 96%] [32mBuilding C object CMakeFiles/custom_interfaces__rosidl_typesupport_introspection_c__pyext.dir/rosidl_generator_py/custom_interfaces/_custom_interfaces_s.ep.rosidl_typesupport_introspection_c.c.o[0m
[26.321s] [ 96%] [32mBuilding C object CMakeFiles/custom_interfaces__rosidl_typesupport_c__pyext.dir/rosidl_generator_py/custom_interfaces/_custom_interfaces_s.ep.rosidl_typesupport_c.c.o[0m
[26.570s] [ 97%] [32m[1mLinking C shared library rosidl_generator_py/custom_interfaces/custom_interfaces_s__rosidl_typesupport_fastrtps_c.cpython-310-x86_64-linux-gnu.so[0m
[26.595s] [ 98%] [32m[1mLinking C shared library rosidl_generator_py/custom_interfaces/custom_interfaces_s__rosidl_typesupport_c.cpython-310-x86_64-linux-gnu.so[0m
[26.596s] [100%] [32m[1mLinking C shared library rosidl_generator_py/custom_interfaces/custom_interfaces_s__rosidl_typesupport_introspection_c.cpython-310-x86_64-linux-gnu.so[0m
[26.666s] [100%] Built target custom_interfaces__rosidl_typesupport_fastrtps_c__pyext
[26.675s] [100%] Built target custom_interfaces__rosidl_typesupport_introspection_c__pyext
[26.688s] [100%] Built target custom_interfaces__rosidl_typesupport_c__pyext
[26.706s] Invoked command in '/home/choi/Fitomi_Assist_AI_Cobot/build/custom_interfaces' returned '0': CMAKE_PREFIX_PATH=/opt/ros/humble /usr/bin/cmake --build /home/choi/Fitomi_Assist_AI_Cobot/build/custom_interfaces -- -j8 -l8
[26.720s] Invoking command in '/home/choi/Fitomi_Assist_AI_Cobot/build/custom_interfaces': CMAKE_PREFIX_PATH=/opt/ros/humble /usr/bin/cmake --install /home/choi/Fitomi_Assist_AI_Cobot/build/custom_interfaces
[26.731s] -- Install configuration: ""
[26.732s] -- Installing: /home/choi/Fitomi_Assist_AI_Cobot/install/custom_interfaces/share/ament_index/resource_index/rosidl_interfaces/custom_interfaces
[26.732s] -- Installing: /home/choi/Fitomi_Assist_AI_Cobot/install/custom_interfaces/include/custom_interfaces/custom_interfaces
[26.732s] -- Installing: /home/choi/Fitomi_Assist_AI_Cobot/install/custom_interfaces/include/custom_interfaces/custom_interfaces/srv
[26.733s] -- Installing: /home/choi/Fitomi_Assist_AI_Cobot/install/custom_interfaces/include/custom_interfaces/custom_interfaces/srv/img_load.h
[26.733s] -- Installing: /home/choi/Fitomi_Assist_AI_Cobot/install/custom_interfaces/include/custom_interfaces/custom_interfaces/srv/srv_depth_position.h
[26.733s] -- Installing: /home/choi/Fitomi_Assist_AI_Cobot/install/custom_interfaces/include/custom_interfaces/custom_interfaces/srv/task_command.h
[26.733s] -- Installing: /home/choi/Fitomi_Assist_AI_Cobot/install/custom_interfaces/include/custom_interfaces/custom_interfaces/srv/detail
[26.733s] -- Installing: /home/choi/Fitomi_Assist_AI_Cobot/install/custom_interfaces/include/custom_interfaces/custom_interfaces/srv/detail/task_command__struct.h
[26.733s] -- Installing: /home/choi/Fitomi_Assist_AI_Cobot/install/custom_interfaces/include/custom_interfaces/custom_interfaces/srv/detail/task_command__functions.h
[26.733s] -- Installing: /home/choi/Fitomi_Assist_AI_Cobot/install/custom_interfaces/include/custom_interfaces/custom_interfaces/srv/detail/img_load__functions.h
[26.734s] -- Installing: /home/choi/Fitomi_Assist_AI_Cobot/install/custom_interfaces/include/custom_interfaces/custom_interfaces/srv/detail/log_message__type_support.h
[26.734s] -- Installing: /home/choi/Fitomi_Assist_AI_Cobot/install/custom_interfaces/include/custom_interfaces/custom_interfaces/srv/detail/img_load__struct.h
[26.734s] -- Installing: /home/choi/Fitomi_Assist_AI_Cobot/install/custom_interfaces/include/custom_interfaces/custom_interfaces/srv/detail/srv_depth_position__functions.h
[26.734s] -- Installing: /home/choi/Fitomi_Assist_AI_Cobot/install/custom_interfaces/include/custom_interfaces/custom_interfaces/srv/detail/task_command__type_support.h
[26.734s] -- Installing: /home/choi/Fitomi_Assist_AI_Cobot/install/custom_interfaces/include/custom_interfaces/custom_interfaces/srv/detail/srv_depth_position__functions.c
[26.735s] -- Installing: /home/choi/Fitomi_Assist_AI_Cobot/install/custom_interfaces/include/custom_interfaces/custom_interfaces/srv/detail/log_message__struct.h
[26.735s] -- Installing: /home/choi/Fitomi_Assist_AI_Cobot/install/custom_interfaces/include/custom_interfaces/custom_interfaces/srv/detail/img_load__functions.c
[26.735s] -- Installing: /home/choi/Fitomi_Assist_AI_Cobot/install/custom_interfaces/include/custom_interfaces/custom_interfaces/srv/detail/srv_depth_position__type_support.h
[26.735s] -- Installing: /home/choi/Fitomi_Assist_AI_Cobot/install/custom_interfaces/include/custom_interfaces/custom_interfaces/srv/detail/img_load__type_support.h
[26.735s] -- Installing: /home/choi/Fitomi_Assist_AI_Cobot/install/custom_interfaces/include/custom_interfaces/custom_interfaces/srv/detail/srv_depth_position__struct.h
[26.736s] -- Installing: /home/choi/Fitomi_Assist_AI_Cobot/install/custom_interfaces/include/custom_interfaces/custom_interfaces/srv/detail/log_message__functions.c
[26.736s] -- Installing: /home/choi/Fitomi_Assist_AI_Cobot/install/custom_interfaces/include/custom_interfaces/custom_interfaces/srv/detail/task_command__functions.c
[26.736s] -- Installing: /home/choi/Fitomi_Assist_AI_Cobot/install/custom_interfaces/include/custom_interfaces/custom_interfaces/srv/detail/log_message__functions.h
[26.736s] -- Installing: /home/choi/Fitomi_Assist_AI_Cobot/install/custom_interfaces/include/custom_interfaces/custom_interfaces/srv/log_message.h
[26.736s] -- Installing: /home/choi/Fitomi_Assist_AI_Cobot/install/custom_interfaces/include/custom_interfaces/custom_interfaces/msg
[26.737s] -- Installing: /home/choi/Fitomi_Assist_AI_Cobot/install/custom_interfaces/include/custom_interfaces/custom_interfaces/msg/send_img.h
[26.737s] -- Installing: /home/choi/Fitomi_Assist_AI_Cobot/install/custom_interfaces/include/custom_interfaces/custom_interfaces/msg/yolov8_inference.h
[26.737s] -- Installing: /home/choi/Fitomi_Assist_AI_Cobot/install/custom_interfaces/include/custom_interfaces/custom_interfaces/msg/rosidl_generator_c__visibility_control.h
[26.737s] -- Installing: /home/choi/Fitomi_Assist_AI_Cobot/install/custom_interfaces/include/custom_interfaces/custom_interfaces/msg/detail
[26.737s] -- Installing: /home/choi/Fitomi_Assist_AI_Cobot/install/custom_interfaces/include/custom_interfaces/custom_interfaces/msg/detail/inference_result__functions.c
[26.737s] -- Installing: /home/choi/Fitomi_Assist_AI_Cobot/install/custom_interfaces/include/custom_interfaces/custom_interfaces/msg/detail/send_img__functions.h
[26.738s] -- Installing: /home/choi/Fitomi_Assist_AI_Cobot/install/custom_interfaces/include/custom_interfaces/custom_interfaces/msg/detail/send_img__functions.c
[26.738s] -- Installing: /home/choi/Fitomi_Assist_AI_Cobot/install/custom_interfaces/include/custom_interfaces/custom_interfaces/msg/detail/inference_result__type_support.h
[26.738s] -- Installing: /home/choi/Fitomi_Assist_AI_Cobot/install/custom_interfaces/include/custom_interfaces/custom_interfaces/msg/detail/yolov8_inference__functions.c
[26.738s] -- Installing: /home/choi/Fitomi_Assist_AI_Cobot/install/custom_interfaces/include/custom_interfaces/custom_interfaces/msg/detail/send_img__struct.h
[26.738s] -- Installing: /home/choi/Fitomi_Assist_AI_Cobot/install/custom_interfaces/include/custom_interfaces/custom_interfaces/msg/detail/send_img__type_support.h
[26.739s] -- Installing: /home/choi/Fitomi_Assist_AI_Cobot/install/custom_interfaces/include/custom_interfaces/custom_interfaces/msg/detail/inference_result__struct.h
[26.739s] -- Installing: /home/choi/Fitomi_Assist_AI_Cobot/install/custom_interfaces/include/custom_interfaces/custom_interfaces/msg/detail/yolov8_inference__type_support.h
[26.739s] -- Installing: /home/choi/Fitomi_Assist_AI_Cobot/install/custom_interfaces/include/custom_interfaces/custom_interfaces/msg/detail/inference_result__functions.h
[26.739s] -- Installing: /home/choi/Fitomi_Assist_AI_Cobot/install/custom_interfaces/include/custom_interfaces/custom_interfaces/msg/detail/yolov8_inference__struct.h
[26.739s] -- Installing: /home/choi/Fitomi_Assist_AI_Cobot/install/custom_interfaces/include/custom_interfaces/custom_interfaces/msg/detail/yolov8_inference__functions.h
[26.740s] -- Installing: /home/choi/Fitomi_Assist_AI_Cobot/install/custom_interfaces/include/custom_interfaces/custom_interfaces/msg/inference_result.h
[26.740s] -- Installing: /home/choi/Fitomi_Assist_AI_Cobot/install/custom_interfaces/include/custom_interfaces/custom_interfaces/action
[26.740s] -- Installing: /home/choi/Fitomi_Assist_AI_Cobot/install/custom_interfaces/include/custom_interfaces/custom_interfaces/action/task_command.h
[26.740s] -- Installing: /home/choi/Fitomi_Assist_AI_Cobot/install/custom_interfaces/include/custom_interfaces/custom_interfaces/action/detail
[26.740s] -- Installing: /home/choi/Fitomi_Assist_AI_Cobot/install/custom_interfaces/include/custom_interfaces/custom_interfaces/action/detail/task_command__struct.h
[26.740s] -- Installing: /home/choi/Fitomi_Assist_AI_Cobot/install/custom_interfaces/include/custom_interfaces/custom_interfaces/action/detail/task_command__functions.h
[26.741s] -- Installing: /home/choi/Fitomi_Assist_AI_Cobot/install/custom_interfaces/include/custom_interfaces/custom_interfaces/action/detail/task_command__type_support.h
[26.741s] -- Installing: /home/choi/Fitomi_Assist_AI_Cobot/install/custom_interfaces/include/custom_interfaces/custom_interfaces/action/detail/task_command__functions.c
[26.741s] -- Installing: /home/choi/Fitomi_Assist_AI_Cobot/install/custom_interfaces/share/custom_interfaces/environment/library_path.sh
[26.742s] -- Installing: /home/choi/Fitomi_Assist_AI_Cobot/install/custom_interfaces/share/custom_interfaces/environment/library_path.dsv
[26.742s] -- Installing: /home/choi/Fitomi_Assist_AI_Cobot/install/custom_interfaces/lib/libcustom_interfaces__rosidl_generator_c.so
[26.743s] -- Set runtime path of "/home/choi/Fitomi_Assist_AI_Cobot/install/custom_interfaces/lib/libcustom_interfaces__rosidl_generator_c.so" to ""
[26.743s] -- Up-to-date: /home/choi/Fitomi_Assist_AI_Cobot/install/custom_interfaces/include/custom_interfaces/custom_interfaces
[26.743s] -- Up-to-date: /home/choi/Fitomi_Assist_AI_Cobot/install/custom_interfaces/include/custom_interfaces/custom_interfaces/srv
[26.743s] -- Up-to-date: /home/choi/Fitomi_Assist_AI_Cobot/install/custom_interfaces/include/custom_interfaces/custom_interfaces/srv/detail
[26.744s] -- Installing: /home/choi/Fitomi_Assist_AI_Cobot/install/custom_interfaces/include/custom_interfaces/custom_interfaces/srv/detail/srv_depth_position__rosidl_typesupport_fastrtps_c.h
[26.744s] -- Installing: /home/choi/Fitomi_Assist_AI_Cobot/install/custom_interfaces/include/custom_interfaces/custom_interfaces/srv/detail/log_message__rosidl_typesupport_fastrtps_c.h
[26.744s] -- Installing: /home/choi/Fitomi_Assist_AI_Cobot/install/custom_interfaces/include/custom_interfaces/custom_interfaces/srv/detail/img_load__rosidl_typesupport_fastrtps_c.h
[26.744s] -- Installing: /home/choi/Fitomi_Assist_AI_Cobot/install/custom_interfaces/include/custom_interfaces/custom_interfaces/srv/detail/task_command__rosidl_typesupport_fastrtps_c.h
[26.744s] -- Up-to-date: /home/choi/Fitomi_Assist_AI_Cobot/install/custom_interfaces/include/custom_interfaces/custom_interfaces/msg
[26.744s] -- Installing: /home/choi/Fitomi_Assist_AI_Cobot/install/custom_interfaces/include/custom_interfaces/custom_interfaces/msg/rosidl_typesupport_fastrtps_c__visibility_control.h
[26.745s] -- Up-to-date: /home/choi/Fitomi_Assist_AI_Cobot/install/custom_interfaces/include/custom_interfaces/custom_interfaces/msg/detail
[26.745s] -- Installing: /home/choi/Fitomi_Assist_AI_Cobot/install/custom_interfaces/include/custom_interfaces/custom_interfaces/msg/detail/inference_result__rosidl_typesupport_fastrtps_c.h
[26.745s] -- Installing: /home/choi/Fitomi_Assist_AI_Cobot/install/custom_interfaces/include/custom_interfaces/custom_interfaces/msg/detail/yolov8_inference__rosidl_typesupport_fastrtps_c.h
[26.745s] -- Installing: /home/choi/Fitomi_Assist_AI_Cobot/install/custom_interfaces/include/custom_interfaces/custom_interfaces/msg/detail/send_img__rosidl_typesupport_fastrtps_c.h
[26.745s] -- Up-to-date: /home/choi/Fitomi_Assist_AI_Cobot/install/custom_interfaces/include/custom_interfaces/custom_interfaces/action
[26.745s] -- Up-to-date: /home/choi/Fitomi_Assist_AI_Cobot/install/custom_interfaces/include/custom_interfaces/custom_interfaces/action/detail
[26.746s] -- Installing: /home/choi/Fitomi_Assist_AI_Cobot/install/custom_interfaces/include/custom_interfaces/custom_interfaces/action/detail/task_command__rosidl_typesupport_fastrtps_c.h
[26.746s] -- Installing: /home/choi/Fitomi_Assist_AI_Cobot/install/custom_interfaces/lib/libcustom_interfaces__rosidl_typesupport_fastrtps_c.so
[26.746s] -- Set runtime path of "/home/choi/Fitomi_Assist_AI_Cobot/install/custom_interfaces/lib/libcustom_interfaces__rosidl_typesupport_fastrtps_c.so" to ""
[26.746s] -- Up-to-date: /home/choi/Fitomi_Assist_AI_Cobot/install/custom_interfaces/include/custom_interfaces/custom_interfaces
[26.746s] -- Up-to-date: /home/choi/Fitomi_Assist_AI_Cobot/install/custom_interfaces/include/custom_interfaces/custom_interfaces/srv
[26.746s] -- Installing: /home/choi/Fitomi_Assist_AI_Cobot/install/custom_interfaces/include/custom_interfaces/custom_interfaces/srv/log_message.hpp
[26.747s] -- Installing: /home/choi/Fitomi_Assist_AI_Cobot/install/custom_interfaces/include/custom_interfaces/custom_interfaces/srv/task_command.hpp
[26.747s] -- Installing: /home/choi/Fitomi_Assist_AI_Cobot/install/custom_interfaces/include/custom_interfaces/custom_interfaces/srv/srv_depth_position.hpp
[26.747s] -- Installing: /home/choi/Fitomi_Assist_AI_Cobot/install/custom_interfaces/include/custom_interfaces/custom_interfaces/srv/img_load.hpp
[26.747s] -- Up-to-date: /home/choi/Fitomi_Assist_AI_Cobot/install/custom_interfaces/include/custom_interfaces/custom_interfaces/srv/detail
[26.747s] -- Installing: /home/choi/Fitomi_Assist_AI_Cobot/install/custom_interfaces/include/custom_interfaces/custom_interfaces/srv/detail/task_command__struct.hpp
[26.747s] -- Installing: /home/choi/Fitomi_Assist_AI_Cobot/install/custom_interfaces/include/custom_interfaces/custom_interfaces/srv/detail/srv_depth_position__struct.hpp
[26.748s] -- Installing: /home/choi/Fitomi_Assist_AI_Cobot/install/custom_interfaces/include/custom_interfaces/custom_interfaces/srv/detail/log_message__traits.hpp
[26.748s] -- Installing: /home/choi/Fitomi_Assist_AI_Cobot/install/custom_interfaces/include/custom_interfaces/custom_interfaces/srv/detail/task_command__traits.hpp
[26.748s] -- Installing: /home/choi/Fitomi_Assist_AI_Cobot/install/custom_interfaces/include/custom_interfaces/custom_interfaces/srv/detail/img_load__builder.hpp
[26.748s] -- Installing: /home/choi/Fitomi_Assist_AI_Cobot/install/custom_interfaces/include/custom_interfaces/custom_interfaces/srv/detail/log_message__builder.hpp
[26.748s] -- Installing: /home/choi/Fitomi_Assist_AI_Cobot/install/custom_interfaces/include/custom_interfaces/custom_interfaces/srv/detail/img_load__type_support.hpp
[26.749s] -- Installing: /home/choi/Fitomi_Assist_AI_Cobot/install/custom_interfaces/include/custom_interfaces/custom_interfaces/srv/detail/log_message__struct.hpp
[26.749s] -- Installing: /home/choi/Fitomi_Assist_AI_Cobot/install/custom_interfaces/include/custom_interfaces/custom_interfaces/srv/detail/srv_depth_position__builder.hpp
[26.749s] -- Installing: /home/choi/Fitomi_Assist_AI_Cobot/install/custom_interfaces/include/custom_interfaces/custom_interfaces/srv/detail/img_load__struct.hpp
[26.749s] -- Installing: /home/choi/Fitomi_Assist_AI_Cobot/install/custom_interfaces/include/custom_interfaces/custom_interfaces/srv/detail/task_command__type_support.hpp
[26.749s] -- Installing: /home/choi/Fitomi_Assist_AI_Cobot/install/custom_interfaces/include/custom_interfaces/custom_interfaces/srv/detail/srv_depth_position__traits.hpp
[26.750s] -- Installing: /home/choi/Fitomi_Assist_AI_Cobot/install/custom_interfaces/include/custom_interfaces/custom_interfaces/srv/detail/task_command__builder.hpp
[26.750s] -- Installing: /home/choi/Fitomi_Assist_AI_Cobot/install/custom_interfaces/include/custom_interfaces/custom_interfaces/srv/detail/img_load__traits.hpp
[26.750s] -- Installing: /home/choi/Fitomi_Assist_AI_Cobot/install/custom_interfaces/include/custom_interfaces/custom_interfaces/srv/detail/log_message__type_support.hpp
[26.750s] -- Installing: /home/choi/Fitomi_Assist_AI_Cobot/install/custom_interfaces/include/custom_interfaces/custom_interfaces/srv/detail/srv_depth_position__type_support.hpp
[26.750s] -- Up-to-date: /home/choi/Fitomi_Assist_AI_Cobot/install/custom_interfaces/include/custom_interfaces/custom_interfaces/msg
[26.750s] -- Installing: /home/choi/Fitomi_Assist_AI_Cobot/install/custom_interfaces/include/custom_interfaces/custom_interfaces/msg/rosidl_generator_cpp__visibility_control.hpp
[26.751s] -- Installing: /home/choi/Fitomi_Assist_AI_Cobot/install/custom_interfaces/include/custom_interfaces/custom_interfaces/msg/send_img.hpp
[26.751s] -- Installing: /home/choi/Fitomi_Assist_AI_Cobot/install/custom_interfaces/include/custom_interfaces/custom_interfaces/msg/inference_result.hpp
[26.751s] -- Up-to-date: /home/choi/Fitomi_Assist_AI_Cobot/install/custom_interfaces/include/custom_interfaces/custom_interfaces/msg/detail
[26.751s] -- Installing: /home/choi/Fitomi_Assist_AI_Cobot/install/custom_interfaces/include/custom_interfaces/custom_interfaces/msg/detail/yolov8_inference__struct.hpp
[26.751s] -- Installing: /home/choi/Fitomi_Assist_AI_Cobot/install/custom_interfaces/include/custom_interfaces/custom_interfaces/msg/detail/yolov8_inference__traits.hpp
[26.752s] -- Installing: /home/choi/Fitomi_Assist_AI_Cobot/install/custom_interfaces/include/custom_interfaces/custom_interfaces/msg/detail/inference_result__builder.hpp
[26.752s] -- Installing: /home/choi/Fitomi_Assist_AI_Cobot/install/custom_interfaces/include/custom_interfaces/custom_interfaces/msg/detail/send_img__traits.hpp
[26.752s] -- Installing: /home/choi/Fitomi_Assist_AI_Cobot/install/custom_interfaces/include/custom_interfaces/custom_interfaces/msg/detail/inference_result__traits.hpp
[26.752s] -- Installing: /home/choi/Fitomi_Assist_AI_Cobot/install/custom_interfaces/include/custom_interfaces/custom_interfaces/msg/detail/send_img__struct.hpp
[26.752s] -- Installing: /home/choi/Fitomi_Assist_AI_Cobot/install/custom_interfaces/include/custom_interfaces/custom_interfaces/msg/detail/yolov8_inference__builder.hpp
[26.753s] -- Installing: /home/choi/Fitomi_Assist_AI_Cobot/install/custom_interfaces/include/custom_interfaces/custom_interfaces/msg/detail/inference_result__struct.hpp
[26.753s] -- Installing: /home/choi/Fitomi_Assist_AI_Cobot/install/custom_interfaces/include/custom_interfaces/custom_interfaces/msg/detail/inference_result__type_support.hpp
[26.753s] -- Installing: /home/choi/Fitomi_Assist_AI_Cobot/install/custom_interfaces/include/custom_interfaces/custom_interfaces/msg/detail/send_img__type_support.hpp
[26.753s] -- Installing: /home/choi/Fitomi_Assist_AI_Cobot/install/custom_interfaces/include/custom_interfaces/custom_interfaces/msg/detail/yolov8_inference__type_support.hpp
[26.753s] -- Installing: /home/choi/Fitomi_Assist_AI_Cobot/install/custom_interfaces/include/custom_interfaces/custom_interfaces/msg/detail/send_img__builder.hpp
[26.753s] -- Installing: /home/choi/Fitomi_Assist_AI_Cobot/install/custom_interfaces/include/custom_interfaces/custom_interfaces/msg/yolov8_inference.hpp
[26.754s] -- Up-to-date: /home/choi/Fitomi_Assist_AI_Cobot/install/custom_interfaces/include/custom_interfaces/custom_interfaces/action
[26.754s] -- Installing: /home/choi/Fitomi_Assist_AI_Cobot/install/custom_interfaces/include/custom_interfaces/custom_interfaces/action/task_command.hpp
[26.754s] -- Up-to-date: /home/choi/Fitomi_Assist_AI_Cobot/install/custom_interfaces/include/custom_interfaces/custom_interfaces/action/detail
[26.754s] -- Installing: /home/choi/Fitomi_Assist_AI_Cobot/install/custom_interfaces/include/custom_interfaces/custom_interfaces/action/detail/task_command__struct.hpp
[26.754s] -- Installing: /home/choi/Fitomi_Assist_AI_Cobot/install/custom_interfaces/include/custom_interfaces/custom_interfaces/action/detail/task_command__traits.hpp
[26.754s] -- Installing: /home/choi/Fitomi_Assist_AI_Cobot/install/custom_interfaces/include/custom_interfaces/custom_interfaces/action/detail/task_command__type_support.hpp
[26.754s] -- Installing: /home/choi/Fitomi_Assist_AI_Cobot/install/custom_interfaces/include/custom_interfaces/custom_interfaces/action/detail/task_command__builder.hpp
[26.755s] -- Up-to-date: /home/choi/Fitomi_Assist_AI_Cobot/install/custom_interfaces/include/custom_interfaces/custom_interfaces
[26.755s] -- Up-to-date: /home/choi/Fitomi_Assist_AI_Cobot/install/custom_interfaces/include/custom_interfaces/custom_interfaces/srv
[26.755s] -- Up-to-date: /home/choi/Fitomi_Assist_AI_Cobot/install/custom_interfaces/include/custom_interfaces/custom_interfaces/srv/detail
[26.755s] -- Installing: /home/choi/Fitomi_Assist_AI_Cobot/install/custom_interfaces/include/custom_interfaces/custom_interfaces/srv/detail/srv_depth_position__rosidl_typesupport_fastrtps_cpp.hpp
[26.755s] -- Installing: /home/choi/Fitomi_Assist_AI_Cobot/install/custom_interfaces/include/custom_interfaces/custom_interfaces/srv/detail/log_message__rosidl_typesupport_fastrtps_cpp.hpp
[26.756s] -- Installing: /home/choi/Fitomi_Assist_AI_Cobot/install/custom_interfaces/include/custom_interfaces/custom_interfaces/srv/detail/dds_fastrtps
[26.756s] -- Installing: /home/choi/Fitomi_Assist_AI_Cobot/install/custom_interfaces/include/custom_interfaces/custom_interfaces/srv/detail/task_command__rosidl_typesupport_fastrtps_cpp.hpp
[26.756s] -- Installing: /home/choi/Fitomi_Assist_AI_Cobot/install/custom_interfaces/include/custom_interfaces/custom_interfaces/srv/detail/img_load__rosidl_typesupport_fastrtps_cpp.hpp
[26.756s] -- Up-to-date: /home/choi/Fitomi_Assist_AI_Cobot/install/custom_interfaces/include/custom_interfaces/custom_interfaces/msg
[26.756s] -- Installing: /home/choi/Fitomi_Assist_AI_Cobot/install/custom_interfaces/include/custom_interfaces/custom_interfaces/msg/rosidl_typesupport_fastrtps_cpp__visibility_control.h
[26.756s] -- Up-to-date: /home/choi/Fitomi_Assist_AI_Cobot/install/custom_interfaces/include/custom_interfaces/custom_interfaces/msg/detail
[26.756s] -- Installing: /home/choi/Fitomi_Assist_AI_Cobot/install/custom_interfaces/include/custom_interfaces/custom_interfaces/msg/detail/yolov8_inference__rosidl_typesupport_fastrtps_cpp.hpp
[26.757s] -- Installing: /home/choi/Fitomi_Assist_AI_Cobot/install/custom_interfaces/include/custom_interfaces/custom_interfaces/msg/detail/dds_fastrtps
[26.757s] -- Installing: /home/choi/Fitomi_Assist_AI_Cobot/install/custom_interfaces/include/custom_interfaces/custom_interfaces/msg/detail/send_img__rosidl_typesupport_fastrtps_cpp.hpp
[26.757s] -- Installing: /home/choi/Fitomi_Assist_AI_Cobot/install/custom_interfaces/include/custom_interfaces/custom_interfaces/msg/detail/inference_result__rosidl_typesupport_fastrtps_cpp.hpp
[26.757s] -- Up-to-date: /home/choi/Fitomi_Assist_AI_Cobot/install/custom_interfaces/include/custom_interfaces/custom_interfaces/action
[26.757s] -- Up-to-date: /home/choi/Fitomi_Assist_AI_Cobot/install/custom_interfaces/include/custom_interfaces/custom_interfaces/action/detail
[26.757s] -- Installing: /home/choi/Fitomi_Assist_AI_Cobot/install/custom_interfaces/include/custom_interfaces/custom_interfaces/action/detail/dds_fastrtps
[26.758s] -- Installing: /home/choi/Fitomi_Assist_AI_Cobot/install/custom_interfaces/include/custom_interfaces/custom_interfaces/action/detail/task_command__rosidl_typesupport_fastrtps_cpp.hpp
[26.758s] -- Installing: /home/choi/Fitomi_Assist_AI_Cobot/install/custom_interfaces/lib/libcustom_interfaces__rosidl_typesupport_fastrtps_cpp.so
[26.759s] -- Set runtime path of "/home/choi/Fitomi_Assist_AI_Cobot/install/custom_interfaces/lib/libcustom_interfaces__rosidl_typesupport_fastrtps_cpp.so" to ""
[26.759s] -- Up-to-date: /home/choi/Fitomi_Assist_AI_Cobot/install/custom_interfaces/include/custom_interfaces/custom_interfaces
[26.759s] -- Up-to-date: /home/choi/Fitomi_Assist_AI_Cobot/install/custom_interfaces/include/custom_interfaces/custom_interfaces/srv
[26.759s] -- Up-to-date: /home/choi/Fitomi_Assist_AI_Cobot/install/custom_interfaces/include/custom_interfaces/custom_interfaces/srv/detail
[26.759s] -- Installing: /home/choi/Fitomi_Assist_AI_Cobot/install/custom_interfaces/include/custom_interfaces/custom_interfaces/srv/detail/srv_depth_position__rosidl_typesupport_introspection_c.h
[26.759s] -- Installing: /home/choi/Fitomi_Assist_AI_Cobot/install/custom_interfaces/include/custom_interfaces/custom_interfaces/srv/detail/log_message__rosidl_typesupport_introspection_c.h
[26.760s] -- Installing: /home/choi/Fitomi_Assist_AI_Cobot/install/custom_interfaces/include/custom_interfaces/custom_interfaces/srv/detail/log_message__type_support.c
[26.760s] -- Installing: /home/choi/Fitomi_Assist_AI_Cobot/install/custom_interfaces/include/custom_interfaces/custom_interfaces/srv/detail/img_load__rosidl_typesupport_introspection_c.h
[26.760s] -- Installing: /home/choi/Fitomi_Assist_AI_Cobot/install/custom_interfaces/include/custom_interfaces/custom_interfaces/srv/detail/task_command__type_support.c
[26.760s] -- Installing: /home/choi/Fitomi_Assist_AI_Cobot/install/custom_interfaces/include/custom_interfaces/custom_interfaces/srv/detail/srv_depth_position__type_support.c
[26.760s] -- Installing: /home/choi/Fitomi_Assist_AI_Cobot/install/custom_interfaces/include/custom_interfaces/custom_interfaces/srv/detail/task_command__rosidl_typesupport_introspection_c.h
[26.760s] -- Installing: /home/choi/Fitomi_Assist_AI_Cobot/install/custom_interfaces/include/custom_interfaces/custom_interfaces/srv/detail/img_load__type_support.c
[26.761s] -- Up-to-date: /home/choi/Fitomi_Assist_AI_Cobot/install/custom_interfaces/include/custom_interfaces/custom_interfaces/msg
[26.761s] -- Installing: /home/choi/Fitomi_Assist_AI_Cobot/install/custom_interfaces/include/custom_interfaces/custom_interfaces/msg/rosidl_typesupport_introspection_c__visibility_control.h
[26.761s] -- Up-to-date: /home/choi/Fitomi_Assist_AI_Cobot/install/custom_interfaces/include/custom_interfaces/custom_interfaces/msg/detail
[26.761s] -- Installing: /home/choi/Fitomi_Assist_AI_Cobot/install/custom_interfaces/include/custom_interfaces/custom_interfaces/msg/detail/send_img__rosidl_typesupport_introspection_c.h
[26.761s] -- Installing: /home/choi/Fitomi_Assist_AI_Cobot/install/custom_interfaces/include/custom_interfaces/custom_interfaces/msg/detail/yolov8_inference__rosidl_typesupport_introspection_c.h
[26.761s] -- Installing: /home/choi/Fitomi_Assist_AI_Cobot/install/custom_interfaces/include/custom_interfaces/custom_interfaces/msg/detail/send_img__type_support.c
[26.762s] -- Installing: /home/choi/Fitomi_Assist_AI_Cobot/install/custom_interfaces/include/custom_interfaces/custom_interfaces/msg/detail/inference_result__type_support.c
[26.762s] -- Installing: /home/choi/Fitomi_Assist_AI_Cobot/install/custom_interfaces/include/custom_interfaces/custom_interfaces/msg/detail/inference_result__rosidl_typesupport_introspection_c.h
[26.762s] -- Installing: /home/choi/Fitomi_Assist_AI_Cobot/install/custom_interfaces/include/custom_interfaces/custom_interfaces/msg/detail/yolov8_inference__type_support.c
[26.762s] -- Up-to-date: /home/choi/Fitomi_Assist_AI_Cobot/install/custom_interfaces/include/custom_interfaces/custom_interfaces/action
[26.763s] -- Up-to-date: /home/choi/Fitomi_Assist_AI_Cobot/install/custom_interfaces/include/custom_interfaces/custom_interfaces/action/detail
[26.763s] -- Installing: /home/choi/Fitomi_Assist_AI_Cobot/install/custom_interfaces/include/custom_interfaces/custom_interfaces/action/detail/task_command__type_support.c
[26.763s] -- Installing: /home/choi/Fitomi_Assist_AI_Cobot/install/custom_interfaces/include/custom_interfaces/custom_interfaces/action/detail/task_command__rosidl_typesupport_introspection_c.h
[26.763s] -- Installing: /home/choi/Fitomi_Assist_AI_Cobot/install/custom_interfaces/lib/libcustom_interfaces__rosidl_typesupport_introspection_c.so
[26.764s] -- Set runtime path of "/home/choi/Fitomi_Assist_AI_Cobot/install/custom_interfaces/lib/libcustom_interfaces__rosidl_typesupport_introspection_c.so" to ""
[26.764s] -- Installing: /home/choi/Fitomi_Assist_AI_Cobot/install/custom_interfaces/lib/libcustom_interfaces__rosidl_typesupport_c.so
[26.765s] -- Set runtime path of "/home/choi/Fitomi_Assist_AI_Cobot/install/custom_interfaces/lib/libcustom_interfaces__rosidl_typesupport_c.so" to ""
[26.765s] -- Up-to-date: /home/choi/Fitomi_Assist_AI_Cobot/install/custom_interfaces/include/custom_interfaces/custom_interfaces
[26.765s] -- Up-to-date: /home/choi/Fitomi_Assist_AI_Cobot/install/custom_interfaces/include/custom_interfaces/custom_interfaces/srv
[26.765s] -- Up-to-date: /home/choi/Fitomi_Assist_AI_Cobot/install/custom_interfaces/include/custom_interfaces/custom_interfaces/srv/detail
[26.765s] -- Installing: /home/choi/Fitomi_Assist_AI_Cobot/install/custom_interfaces/include/custom_interfaces/custom_interfaces/srv/detail/srv_depth_position__rosidl_typesupport_introspection_cpp.hpp
[26.765s] -- Installing: /home/choi/Fitomi_Assist_AI_Cobot/install/custom_interfaces/include/custom_interfaces/custom_interfaces/srv/detail/img_load__type_support.cpp
[26.765s] -- Installing: /home/choi/Fitomi_Assist_AI_Cobot/install/custom_interfaces/include/custom_interfaces/custom_interfaces/srv/detail/img_load__rosidl_typesupport_introspection_cpp.hpp
[26.766s] -- Installing: /home/choi/Fitomi_Assist_AI_Cobot/install/custom_interfaces/include/custom_interfaces/custom_interfaces/srv/detail/srv_depth_position__type_support.cpp
[26.766s] -- Installing: /home/choi/Fitomi_Assist_AI_Cobot/install/custom_interfaces/include/custom_interfaces/custom_interfaces/srv/detail/log_message__rosidl_typesupport_introspection_cpp.hpp
[26.766s] -- Installing: /home/choi/Fitomi_Assist_AI_Cobot/install/custom_interfaces/include/custom_interfaces/custom_interfaces/srv/detail/task_command__rosidl_typesupport_introspection_cpp.hpp
[26.766s] -- Installing: /home/choi/Fitomi_Assist_AI_Cobot/install/custom_interfaces/include/custom_interfaces/custom_interfaces/srv/detail/task_command__type_support.cpp
[26.766s] -- Installing: /home/choi/Fitomi_Assist_AI_Cobot/install/custom_interfaces/include/custom_interfaces/custom_interfaces/srv/detail/log_message__type_support.cpp
[26.767s] -- Up-to-date: /home/choi/Fitomi_Assist_AI_Cobot/install/custom_interfaces/include/custom_interfaces/custom_interfaces/msg
[26.767s] -- Up-to-date: /home/choi/Fitomi_Assist_AI_Cobot/install/custom_interfaces/include/custom_interfaces/custom_interfaces/msg/detail
[26.767s] -- Installing: /home/choi/Fitomi_Assist_AI_Cobot/install/custom_interfaces/include/custom_interfaces/custom_interfaces/msg/detail/send_img__type_support.cpp
[26.767s] -- Installing: /home/choi/Fitomi_Assist_AI_Cobot/install/custom_interfaces/include/custom_interfaces/custom_interfaces/msg/detail/send_img__rosidl_typesupport_introspection_cpp.hpp
[26.767s] -- Installing: /home/choi/Fitomi_Assist_AI_Cobot/install/custom_interfaces/include/custom_interfaces/custom_interfaces/msg/detail/yolov8_inference__type_support.cpp
[26.767s] -- Installing: /home/choi/Fitomi_Assist_AI_Cobot/install/custom_interfaces/include/custom_interfaces/custom_interfaces/msg/detail/inference_result__rosidl_typesupport_introspection_cpp.hpp
[26.767s] -- Installing: /home/choi/Fitomi_Assist_AI_Cobot/install/custom_interfaces/include/custom_interfaces/custom_interfaces/msg/detail/yolov8_inference__rosidl_typesupport_introspection_cpp.hpp
[26.768s] -- Installing: /home/choi/Fitomi_Assist_AI_Cobot/install/custom_interfaces/include/custom_interfaces/custom_interfaces/msg/detail/inference_result__type_support.cpp
[26.768s] -- Up-to-date: /home/choi/Fitomi_Assist_AI_Cobot/install/custom_interfaces/include/custom_interfaces/custom_interfaces/action
[26.768s] -- Up-to-date: /home/choi/Fitomi_Assist_AI_Cobot/install/custom_interfaces/include/custom_interfaces/custom_interfaces/action/detail
[26.768s] -- Installing: /home/choi/Fitomi_Assist_AI_Cobot/install/custom_interfaces/include/custom_interfaces/custom_interfaces/action/detail/task_command__rosidl_typesupport_introspection_cpp.hpp
[26.768s] -- Installing: /home/choi/Fitomi_Assist_AI_Cobot/install/custom_interfaces/include/custom_interfaces/custom_interfaces/action/detail/task_command__type_support.cpp
[26.769s] -- Installing: /home/choi/Fitomi_Assist_AI_Cobot/install/custom_interfaces/lib/libcustom_interfaces__rosidl_typesupport_introspection_cpp.so
[26.770s] -- Set runtime path of "/home/choi/Fitomi_Assist_AI_Cobot/install/custom_interfaces/lib/libcustom_interfaces__rosidl_typesupport_introspection_cpp.so" to ""
[26.770s] -- Installing: /home/choi/Fitomi_Assist_AI_Cobot/install/custom_interfaces/lib/libcustom_interfaces__rosidl_typesupport_cpp.so
[26.770s] -- Set runtime path of "/home/choi/Fitomi_Assist_AI_Cobot/install/custom_interfaces/lib/libcustom_interfaces__rosidl_typesupport_cpp.so" to ""
[26.771s] -- Installing: /home/choi/Fitomi_Assist_AI_Cobot/install/custom_interfaces/share/custom_interfaces/environment/pythonpath.sh
[26.771s] -- Installing: /home/choi/Fitomi_Assist_AI_Cobot/install/custom_interfaces/share/custom_interfaces/environment/pythonpath.dsv
[26.771s] -- Installing: /home/choi/Fitomi_Assist_AI_Cobot/install/custom_interfaces/local/lib/python3.10/dist-packages/custom_interfaces-0.0.0-py3.10.egg-info
[26.771s] -- Installing: /home/choi/Fitomi_Assist_AI_Cobot/install/custom_interfaces/local/lib/python3.10/dist-packages/custom_interfaces-0.0.0-py3.10.egg-info/top_level.txt
[26.771s] -- Installing: /home/choi/Fitomi_Assist_AI_Cobot/install/custom_interfaces/local/lib/python3.10/dist-packages/custom_interfaces-0.0.0-py3.10.egg-info/PKG-INFO
[26.772s] -- Installing: /home/choi/Fitomi_Assist_AI_Cobot/install/custom_interfaces/local/lib/python3.10/dist-packages/custom_interfaces-0.0.0-py3.10.egg-info/dependency_links.txt
[26.772s] -- Installing: /home/choi/Fitomi_Assist_AI_Cobot/install/custom_interfaces/local/lib/python3.10/dist-packages/custom_interfaces-0.0.0-py3.10.egg-info/SOURCES.txt
[26.772s] -- Installing: /home/choi/Fitomi_Assist_AI_Cobot/install/custom_interfaces/local/lib/python3.10/dist-packages/custom_interfaces
[26.772s] -- Installing: /home/choi/Fitomi_Assist_AI_Cobot/install/custom_interfaces/local/lib/python3.10/dist-packages/custom_interfaces/srv
[26.772s] -- Installing: /home/choi/Fitomi_Assist_AI_Cobot/install/custom_interfaces/local/lib/python3.10/dist-packages/custom_interfaces/srv/_srv_depth_position_s.c
[26.772s] -- Installing: /home/choi/Fitomi_Assist_AI_Cobot/install/custom_interfaces/local/lib/python3.10/dist-packages/custom_interfaces/srv/_srv_depth_position.py
[26.773s] -- Installing: /home/choi/Fitomi_Assist_AI_Cobot/install/custom_interfaces/local/lib/python3.10/dist-packages/custom_interfaces/srv/_task_command.py
[26.773s] -- Installing: /home/choi/Fitomi_Assist_AI_Cobot/install/custom_interfaces/local/lib/python3.10/dist-packages/custom_interfaces/srv/_img_load.py
[26.773s] -- Installing: /home/choi/Fitomi_Assist_AI_Cobot/install/custom_interfaces/local/lib/python3.10/dist-packages/custom_interfaces/srv/_log_message.py
[26.773s] -- Installing: /home/choi/Fitomi_Assist_AI_Cobot/install/custom_interfaces/local/lib/python3.10/dist-packages/custom_interfaces/srv/__init__.py
[26.773s] -- Installing: /home/choi/Fitomi_Assist_AI_Cobot/install/custom_interfaces/local/lib/python3.10/dist-packages/custom_interfaces/srv/_task_command_s.c
[26.773s] -- Installing: /home/choi/Fitomi_Assist_AI_Cobot/install/custom_interfaces/local/lib/python3.10/dist-packages/custom_interfaces/srv/_img_load_s.c
[26.774s] -- Installing: /home/choi/Fitomi_Assist_AI_Cobot/install/custom_interfaces/local/lib/python3.10/dist-packages/custom_interfaces/srv/_log_message_s.c
[26.774s] -- Installing: /home/choi/Fitomi_Assist_AI_Cobot/install/custom_interfaces/local/lib/python3.10/dist-packages/custom_interfaces/msg
[26.774s] -- Installing: /home/choi/Fitomi_Assist_AI_Cobot/install/custom_interfaces/local/lib/python3.10/dist-packages/custom_interfaces/msg/_send_img_s.c
[26.774s] -- Installing: /home/choi/Fitomi_Assist_AI_Cobot/install/custom_interfaces/local/lib/python3.10/dist-packages/custom_interfaces/msg/_inference_result_s.c
[26.775s] -- Installing: /home/choi/Fitomi_Assist_AI_Cobot/install/custom_interfaces/local/lib/python3.10/dist-packages/custom_interfaces/msg/_inference_result.py
[26.775s] -- Installing: /home/choi/Fitomi_Assist_AI_Cobot/install/custom_interfaces/local/lib/python3.10/dist-packages/custom_interfaces/msg/__init__.py
[26.775s] -- Installing: /home/choi/Fitomi_Assist_AI_Cobot/install/custom_interfaces/local/lib/python3.10/dist-packages/custom_interfaces/msg/_yolov8_inference.py
[26.775s] -- Installing: /home/choi/Fitomi_Assist_AI_Cobot/install/custom_interfaces/local/lib/python3.10/dist-packages/custom_interfaces/msg/_send_img.py
[26.775s] -- Installing: /home/choi/Fitomi_Assist_AI_Cobot/install/custom_interfaces/local/lib/python3.10/dist-packages/custom_interfaces/msg/_yolov8_inference_s.c
[26.775s] -- Installing: /home/choi/Fitomi_Assist_AI_Cobot/install/custom_interfaces/local/lib/python3.10/dist-packages/custom_interfaces/libcustom_interfaces__rosidl_generator_py.so
[26.776s] -- Installing: /home/choi/Fitomi_Assist_AI_Cobot/install/custom_interfaces/local/lib/python3.10/dist-packages/custom_interfaces/_custom_interfaces_s.ep.rosidl_typesupport_c.c
[26.776s] -- Installing: /home/choi/Fitomi_Assist_AI_Cobot/install/custom_interfaces/local/lib/python3.10/dist-packages/custom_interfaces/__init__.py
[26.776s] -- Installing: /home/choi/Fitomi_Assist_AI_Cobot/install/custom_interfaces/local/lib/python3.10/dist-packages/custom_interfaces/_custom_interfaces_s.ep.rosidl_typesupport_fastrtps_c.c
[26.776s] -- Installing: /home/choi/Fitomi_Assist_AI_Cobot/install/custom_interfaces/local/lib/python3.10/dist-packages/custom_interfaces/custom_interfaces_s__rosidl_typesupport_introspection_c.cpython-310-x86_64-linux-gnu.so
[26.777s] -- Installing: /home/choi/Fitomi_Assist_AI_Cobot/install/custom_interfaces/local/lib/python3.10/dist-packages/custom_interfaces/custom_interfaces_s__rosidl_typesupport_fastrtps_c.cpython-310-x86_64-linux-gnu.so
[26.777s] -- Installing: /home/choi/Fitomi_Assist_AI_Cobot/install/custom_interfaces/local/lib/python3.10/dist-packages/custom_interfaces/custom_interfaces_s__rosidl_typesupport_c.cpython-310-x86_64-linux-gnu.so
[26.777s] -- Installing: /home/choi/Fitomi_Assist_AI_Cobot/install/custom_interfaces/local/lib/python3.10/dist-packages/custom_interfaces/_custom_interfaces_s.ep.rosidl_typesupport_introspection_c.c
[26.777s] -- Installing: /home/choi/Fitomi_Assist_AI_Cobot/install/custom_interfaces/local/lib/python3.10/dist-packages/custom_interfaces/action
[26.777s] -- Installing: /home/choi/Fitomi_Assist_AI_Cobot/install/custom_interfaces/local/lib/python3.10/dist-packages/custom_interfaces/action/_task_command.py
[26.777s] -- Installing: /home/choi/Fitomi_Assist_AI_Cobot/install/custom_interfaces/local/lib/python3.10/dist-packages/custom_interfaces/action/__init__.py
[26.778s] -- Installing: /home/choi/Fitomi_Assist_AI_Cobot/install/custom_interfaces/local/lib/python3.10/dist-packages/custom_interfaces/action/_task_command_s.c
[26.852s] Listing '/home/choi/Fitomi_Assist_AI_Cobot/install/custom_interfaces/local/lib/python3.10/dist-packages/custom_interfaces'...
[26.852s] Compiling '/home/choi/Fitomi_Assist_AI_Cobot/install/custom_interfaces/local/lib/python3.10/dist-packages/custom_interfaces/__init__.py'...
[26.853s] Listing '/home/choi/Fitomi_Assist_AI_Cobot/install/custom_interfaces/local/lib/python3.10/dist-packages/custom_interfaces/action'...
[26.853s] Compiling '/home/choi/Fitomi_Assist_AI_Cobot/install/custom_interfaces/local/lib/python3.10/dist-packages/custom_interfaces/action/__init__.py'...
[26.853s] Compiling '/home/choi/Fitomi_Assist_AI_Cobot/install/custom_interfaces/local/lib/python3.10/dist-packages/custom_interfaces/action/_task_command.py'...
[26.853s] Listing '/home/choi/Fitomi_Assist_AI_Cobot/install/custom_interfaces/local/lib/python3.10/dist-packages/custom_interfaces/msg'...
[26.853s] Compiling '/home/choi/Fitomi_Assist_AI_Cobot/install/custom_interfaces/local/lib/python3.10/dist-packages/custom_interfaces/msg/__init__.py'...
[26.853s] Compiling '/home/choi/Fitomi_Assist_AI_Cobot/install/custom_interfaces/local/lib/python3.10/dist-packages/custom_interfaces/msg/_inference_result.py'...
[26.853s] Compiling '/home/choi/Fitomi_Assist_AI_Cobot/install/custom_interfaces/local/lib/python3.10/dist-packages/custom_interfaces/msg/_send_img.py'...
[26.853s] Compiling '/home/choi/Fitomi_Assist_AI_Cobot/install/custom_interfaces/local/lib/python3.10/dist-packages/custom_interfaces/msg/_yolov8_inference.py'...
[26.853s] Listing '/home/choi/Fitomi_Assist_AI_Cobot/install/custom_interfaces/local/lib/python3.10/dist-packages/custom_interfaces/srv'...
[26.853s] Compiling '/home/choi/Fitomi_Assist_AI_Cobot/install/custom_interfaces/local/lib/python3.10/dist-packages/custom_interfaces/srv/__init__.py'...
[26.853s] Compiling '/home/choi/Fitomi_Assist_AI_Cobot/install/custom_interfaces/local/lib/python3.10/dist-packages/custom_interfaces/srv/_img_load.py'...
[26.853s] Compiling '/home/choi/Fitomi_Assist_AI_Cobot/install/custom_interfaces/local/lib/python3.10/dist-packages/custom_interfaces/srv/_log_message.py'...
[26.853s] Compiling '/home/choi/Fitomi_Assist_AI_Cobot/install/custom_interfaces/local/lib/python3.10/dist-packages/custom_interfaces/srv/_srv_depth_position.py'...
[26.854s] Compiling '/home/choi/Fitomi_Assist_AI_Cobot/install/custom_interfaces/local/lib/python3.10/dist-packages/custom_interfaces/srv/_task_command.py'...
[26.859s] -- Installing: /home/choi/Fitomi_Assist_AI_Cobot/install/custom_interfaces/local/lib/python3.10/dist-packages/custom_interfaces/custom_interfaces_s__rosidl_typesupport_fastrtps_c.cpython-310-x86_64-linux-gnu.so
[26.860s] -- Set runtime path of "/home/choi/Fitomi_Assist_AI_Cobot/install/custom_interfaces/local/lib/python3.10/dist-packages/custom_interfaces/custom_interfaces_s__rosidl_typesupport_fastrtps_c.cpython-310-x86_64-linux-gnu.so" to ""
[26.860s] -- Installing: /home/choi/Fitomi_Assist_AI_Cobot/install/custom_interfaces/local/lib/python3.10/dist-packages/custom_interfaces/custom_interfaces_s__rosidl_typesupport_introspection_c.cpython-310-x86_64-linux-gnu.so
[26.861s] -- Set runtime path of "/home/choi/Fitomi_Assist_AI_Cobot/install/custom_interfaces/local/lib/python3.10/dist-packages/custom_interfaces/custom_interfaces_s__rosidl_typesupport_introspection_c.cpython-310-x86_64-linux-gnu.so" to ""
[26.861s] -- Installing: /home/choi/Fitomi_Assist_AI_Cobot/install/custom_interfaces/local/lib/python3.10/dist-packages/custom_interfaces/custom_interfaces_s__rosidl_typesupport_c.cpython-310-x86_64-linux-gnu.so
[26.862s] -- Set runtime path of "/home/choi/Fitomi_Assist_AI_Cobot/install/custom_interfaces/local/lib/python3.10/dist-packages/custom_interfaces/custom_interfaces_s__rosidl_typesupport_c.cpython-310-x86_64-linux-gnu.so" to ""
[26.862s] -- Installing: /home/choi/Fitomi_Assist_AI_Cobot/install/custom_interfaces/lib/libcustom_interfaces__rosidl_generator_py.so
[26.863s] -- Set runtime path of "/home/choi/Fitomi_Assist_AI_Cobot/install/custom_interfaces/lib/libcustom_interfaces__rosidl_generator_py.so" to ""
[26.863s] -- Installing: /home/choi/Fitomi_Assist_AI_Cobot/install/custom_interfaces/share/custom_interfaces/msg/SendImg.idl
[26.863s] -- Installing: /home/choi/Fitomi_Assist_AI_Cobot/install/custom_interfaces/share/custom_interfaces/msg/InferenceResult.idl
[26.864s] -- Installing: /home/choi/Fitomi_Assist_AI_Cobot/install/custom_interfaces/share/custom_interfaces/msg/Yolov8Inference.idl
[26.864s] -- Installing: /home/choi/Fitomi_Assist_AI_Cobot/install/custom_interfaces/share/custom_interfaces/srv/ImgLoad.idl
[26.864s] -- Installing: /home/choi/Fitomi_Assist_AI_Cobot/install/custom_interfaces/share/custom_interfaces/srv/LogMessage.idl
[26.864s] -- Installing: /home/choi/Fitomi_Assist_AI_Cobot/install/custom_interfaces/share/custom_interfaces/srv/TaskCommand.idl
[26.864s] -- Installing: /home/choi/Fitomi_Assist_AI_Cobot/install/custom_interfaces/share/custom_interfaces/srv/SrvDepthPosition.idl
[26.865s] -- Installing: /home/choi/Fitomi_Assist_AI_Cobot/install/custom_interfaces/share/custom_interfaces/action/TaskCommand.idl
[26.865s] -- Installing: /home/choi/Fitomi_Assist_AI_Cobot/install/custom_interfaces/share/custom_interfaces/msg/SendImg.msg
[26.865s] -- Installing: /home/choi/Fitomi_Assist_AI_Cobot/install/custom_interfaces/share/custom_interfaces/msg/InferenceResult.msg
[26.866s] -- Installing: /home/choi/Fitomi_Assist_AI_Cobot/install/custom_interfaces/share/custom_interfaces/msg/Yolov8Inference.msg
[26.866s] -- Installing: /home/choi/Fitomi_Assist_AI_Cobot/install/custom_interfaces/share/custom_interfaces/srv/ImgLoad.srv
[26.866s] -- Installing: /home/choi/Fitomi_Assist_AI_Cobot/install/custom_interfaces/share/custom_interfaces/srv/ImgLoad_Request.msg
[26.866s] -- Installing: /home/choi/Fitomi_Assist_AI_Cobot/install/custom_interfaces/share/custom_interfaces/srv/ImgLoad_Response.msg
[26.867s] -- Installing: /home/choi/Fitomi_Assist_AI_Cobot/install/custom_interfaces/share/custom_interfaces/srv/LogMessage.srv
[26.867s] -- Installing: /home/choi/Fitomi_Assist_AI_Cobot/install/custom_interfaces/share/custom_interfaces/srv/LogMessage_Request.msg
[26.867s] -- Installing: /home/choi/Fitomi_Assist_AI_Cobot/install/custom_interfaces/share/custom_interfaces/srv/LogMessage_Response.msg
[26.867s] -- Installing: /home/choi/Fitomi_Assist_AI_Cobot/install/custom_interfaces/share/custom_interfaces/srv/TaskCommand.srv
[26.868s] -- Installing: /home/choi/Fitomi_Assist_AI_Cobot/install/custom_interfaces/share/custom_interfaces/srv/TaskCommand_Request.msg
[26.868s] -- Installing: /home/choi/Fitomi_Assist_AI_Cobot/install/custom_interfaces/share/custom_interfaces/srv/TaskCommand_Response.msg
[26.868s] -- Installing: /home/choi/Fitomi_Assist_AI_Cobot/install/custom_interfaces/share/custom_interfaces/srv/SrvDepthPosition.srv
[26.868s] -- Installing: /home/choi/Fitomi_Assist_AI_Cobot/install/custom_interfaces/share/custom_interfaces/srv/SrvDepthPosition_Request.msg
[26.868s] -- Installing: /home/choi/Fitomi_Assist_AI_Cobot/install/custom_interfaces/share/custom_interfaces/srv/SrvDepthPosition_Response.msg
[26.869s] -- Installing: /home/choi/Fitomi_Assist_AI_Cobot/install/custom_interfaces/share/custom_interfaces/action/TaskCommand.action
[26.869s] -- Installing: /home/choi/Fitomi_Assist_AI_Cobot/install/custom_interfaces/share/ament_index/resource_index/package_run_dependencies/custom_interfaces
[26.869s] -- Installing: /home/choi/Fitomi_Assist_AI_Cobot/install/custom_interfaces/share/ament_index/resource_index/parent_prefix_path/custom_interfaces
[26.870s] -- Installing: /home/choi/Fitomi_Assist_AI_Cobot/install/custom_interfaces/share/custom_interfaces/environment/ament_prefix_path.sh
[26.870s] -- Installing: /home/choi/Fitomi_Assist_AI_Cobot/install/custom_interfaces/share/custom_interfaces/environment/ament_prefix_path.dsv
[26.870s] -- Installing: /home/choi/Fitomi_Assist_AI_Cobot/install/custom_interfaces/share/custom_interfaces/environment/path.sh
[26.870s] -- Installing: /home/choi/Fitomi_Assist_AI_Cobot/install/custom_interfaces/share/custom_interfaces/environment/path.dsv
[26.871s] -- Installing: /home/choi/Fitomi_Assist_AI_Cobot/install/custom_interfaces/share/custom_interfaces/local_setup.bash
[26.871s] -- Installing: /home/choi/Fitomi_Assist_AI_Cobot/install/custom_interfaces/share/custom_interfaces/local_setup.sh
[26.871s] -- Installing: /home/choi/Fitomi_Assist_AI_Cobot/install/custom_interfaces/share/custom_interfaces/local_setup.zsh
[26.871s] -- Installing: /home/choi/Fitomi_Assist_AI_Cobot/install/custom_interfaces/share/custom_interfaces/local_setup.dsv
[26.872s] -- Installing: /home/choi/Fitomi_Assist_AI_Cobot/install/custom_interfaces/share/custom_interfaces/package.dsv
[26.872s] -- Installing: /home/choi/Fitomi_Assist_AI_Cobot/install/custom_interfaces/share/ament_index/resource_index/packages/custom_interfaces
[26.872s] -- Installing: /home/choi/Fitomi_Assist_AI_Cobot/install/custom_interfaces/share/custom_interfaces/cmake/export_custom_interfaces__rosidl_generator_cExport.cmake
[26.872s] -- Installing: /home/choi/Fitomi_Assist_AI_Cobot/install/custom_interfaces/share/custom_interfaces/cmake/export_custom_interfaces__rosidl_generator_cExport-noconfig.cmake
[26.873s] -- Installing: /home/choi/Fitomi_Assist_AI_Cobot/install/custom_interfaces/share/custom_interfaces/cmake/export_custom_interfaces__rosidl_typesupport_fastrtps_cExport.cmake
[26.873s] -- Installing: /home/choi/Fitomi_Assist_AI_Cobot/install/custom_interfaces/share/custom_interfaces/cmake/export_custom_interfaces__rosidl_typesupport_fastrtps_cExport-noconfig.cmake
[26.873s] -- Installing: /home/choi/Fitomi_Assist_AI_Cobot/install/custom_interfaces/share/custom_interfaces/cmake/export_custom_interfaces__rosidl_generator_cppExport.cmake
[26.873s] -- Installing: /home/choi/Fitomi_Assist_AI_Cobot/install/custom_interfaces/share/custom_interfaces/cmake/export_custom_interfaces__rosidl_typesupport_fastrtps_cppExport.cmake
[26.874s] -- Installing: /home/choi/Fitomi_Assist_AI_Cobot/install/custom_interfaces/share/custom_interfaces/cmake/export_custom_interfaces__rosidl_typesupport_fastrtps_cppExport-noconfig.cmake
[26.874s] -- Installing: /home/choi/Fitomi_Assist_AI_Cobot/install/custom_interfaces/share/custom_interfaces/cmake/custom_interfaces__rosidl_typesupport_introspection_cExport.cmake
[26.874s] -- Installing: /home/choi/Fitomi_Assist_AI_Cobot/install/custom_interfaces/share/custom_interfaces/cmake/custom_interfaces__rosidl_typesupport_introspection_cExport-noconfig.cmake
[26.874s] -- Installing: /home/choi/Fitomi_Assist_AI_Cobot/install/custom_interfaces/share/custom_interfaces/cmake/custom_interfaces__rosidl_typesupport_cExport.cmake
[26.875s] -- Installing: /home/choi/Fitomi_Assist_AI_Cobot/install/custom_interfaces/share/custom_interfaces/cmake/custom_interfaces__rosidl_typesupport_cExport-noconfig.cmake
[26.875s] -- Installing: /home/choi/Fitomi_Assist_AI_Cobot/install/custom_interfaces/share/custom_interfaces/cmake/custom_interfaces__rosidl_typesupport_introspection_cppExport.cmake
[26.875s] -- Installing: /home/choi/Fitomi_Assist_AI_Cobot/install/custom_interfaces/share/custom_interfaces/cmake/custom_interfaces__rosidl_typesupport_introspection_cppExport-noconfig.cmake
[26.876s] -- Installing: /home/choi/Fitomi_Assist_AI_Cobot/install/custom_interfaces/share/custom_interfaces/cmake/custom_interfaces__rosidl_typesupport_cppExport.cmake
[26.876s] -- Installing: /home/choi/Fitomi_Assist_AI_Cobot/install/custom_interfaces/share/custom_interfaces/cmake/custom_interfaces__rosidl_typesupport_cppExport-noconfig.cmake
[26.876s] -- Installing: /home/choi/Fitomi_Assist_AI_Cobot/install/custom_interfaces/share/custom_interfaces/cmake/export_custom_interfaces__rosidl_generator_pyExport.cmake
[26.876s] -- Installing: /home/choi/Fitomi_Assist_AI_Cobot/install/custom_interfaces/share/custom_interfaces/cmake/export_custom_interfaces__rosidl_generator_pyExport-noconfig.cmake
[26.877s] -- Installing: /home/choi/Fitomi_Assist_AI_Cobot/install/custom_interfaces/share/custom_interfaces/cmake/ament_cmake_export_dependencies-extras.cmake
[26.877s] -- Installing: /home/choi/Fitomi_Assist_AI_Cobot/install/custom_interfaces/share/custom_interfaces/cmake/rosidl_cmake-extras.cmake
[26.877s] -- Installing: /home/choi/Fitomi_Assist_AI_Cobot/install/custom_interfaces/share/custom_interfaces/cmake/ament_cmake_export_include_directories-extras.cmake
[26.877s] -- Installing: /home/choi/Fitomi_Assist_AI_Cobot/install/custom_interfaces/share/custom_interfaces/cmake/ament_cmake_export_libraries-extras.cmake
[26.878s] -- Installing: /home/choi/Fitomi_Assist_AI_Cobot/install/custom_interfaces/share/custom_interfaces/cmake/ament_cmake_export_targets-extras.cmake
[26.878s] -- Installing: /home/choi/Fitomi_Assist_AI_Cobot/install/custom_interfaces/share/custom_interfaces/cmake/rosidl_cmake_export_typesupport_targets-extras.cmake
[26.878s] -- Installing: /home/choi/Fitomi_Assist_AI_Cobot/install/custom_interfaces/share/custom_interfaces/cmake/rosidl_cmake_export_typesupport_libraries-extras.cmake
[26.878s] -- Installing: /home/choi/Fitomi_Assist_AI_Cobot/install/custom_interfaces/share/custom_interfaces/cmake/custom_interfacesConfig.cmake
[26.878s] -- Installing: /home/choi/Fitomi_Assist_AI_Cobot/install/custom_interfaces/share/custom_interfaces/cmake/custom_interfacesConfig-version.cmake
[26.879s] -- Installing: /home/choi/Fitomi_Assist_AI_Cobot/install/custom_interfaces/share/custom_interfaces/package.xml
[26.882s] Invoked command in '/home/choi/Fitomi_Assist_AI_Cobot/build/custom_interfaces' returned '0': CMAKE_PREFIX_PATH=/opt/ros/humble /usr/bin/cmake --install /home/choi/Fitomi_Assist_AI_Cobot/build/custom_interfaces
